#
# There is insufficient memory for the Java Runtime Environment to continue.
# Native memory allocation (malloc) failed to allocate 1558736 bytes. Error detail: Chunk::new
# Possible reasons:
#   The system is out of physical RAM or swap space
#   This process is running with CompressedOops enabled, and the Java Heap may be blocking the growth of the native heap
# Possible solutions:
#   Reduce memory load on the system
#   Increase physical memory or swap space
#   Check if swap backing store is full
#   Decrease Java heap size (-Xmx/-Xms)
#   Decrease number of Java threads
#   Decrease Java thread stack sizes (-Xss)
#   Set larger code cache with -XX:ReservedCodeCacheSize=
#   JVM is running with Unscaled Compressed Oops mode in which the Java heap is
#     placed in the first 4GB address space. The Java Heap base address is the
#     maximum limit for the native heap growth. Please use -XX:HeapBaseMinAddress
#     to set the Java Heap base and to place the Java Heap above 4GB virtual address.
# This output file may be truncated or incomplete.
#
#  Out of Memory Error (arena.cpp:168), pid=15268, tid=13980
#
# JRE version: OpenJDK Runtime Environment Temurin-21.0.9+10 (21.0.9+10) (build 21.0.9+10-LTS)
# Java VM: OpenJDK 64-Bit Server VM Temurin-21.0.9+10 (21.0.9+10-LTS, mixed mode, sharing, tiered, compressed oops, compressed class ptrs, parallel gc, windows-amd64)
# No core dump will be written. Minidumps are not enabled by default on client versions of Windows
#

---------------  S U M M A R Y ------------

Command Line: --add-modules=ALL-SYSTEM --add-opens=java.base/java.util=ALL-UNNAMED --add-opens=java.base/java.lang=ALL-UNNAMED --add-opens=java.base/sun.nio.fs=ALL-UNNAMED -Declipse.application=org.eclipse.jdt.ls.core.id1 -Dosgi.bundles.defaultStartLevel=4 -Declipse.product=org.eclipse.jdt.ls.core.product -Djava.import.generatesMetadataFilesAtProjectRoot=false -DDetectVMInstallationsJob.disabled=true -Dfile.encoding=utf8 -XX:+UseParallelGC -XX:GCTimeRatio=4 -XX:AdaptiveSizePolicyWeight=90 -Dsun.zip.disableMemoryMapping=true -Xmx2G -Xms100m -Xlog:disable -javaagent:c:\Users\Hp\.vscode\extensions\redhat.java-1.51.0-win32-x64\lombok\lombok-1.18.39-4050.jar -XX:+HeapDumpOnOutOfMemoryError -XX:HeapDumpPath=c:\Users\Hp\AppData\Roaming\Code\User\workspaceStorage\a2d51cee68e451e0c7e0d529d54cbe23\redhat.java -Daether.dependencyCollector.impl=bf c:\Users\Hp\.vscode\extensions\redhat.java-1.51.0-win32-x64\server\plugins\org.eclipse.equinox.launcher_1.7.100.v20251111-0406.jar -configuration c:\Users\Hp\AppData\Roaming\Code\User\globalStorage\redhat.java\1.51.0\config_win -data c:\Users\Hp\AppData\Roaming\Code\User\workspaceStorage\a2d51cee68e451e0c7e0d529d54cbe23\redhat.java\jdt_ws --pipe=\\.\pipe\lsp-82c0c1ebedfd4cab5fd30e6b3ce48562-sock

Host: Intel(R) Core(TM) i5-8350U CPU @ 1.70GHz, 8 cores, 7G,  Windows 11 , 64 bit Build 22621 (10.0.22621.5415)
Time: Wed Jan 28 17:59:10 2026 E. Africa Standard Time elapsed time: 245.760484 seconds (0d 0h 4m 5s)

---------------  T H R E A D  ---------------

Current thread (0x000001de07963d60):  JavaThread "C2 CompilerThread2" daemon [_thread_in_native, id=13980, stack(0x0000004b13b00000,0x0000004b13c00000) (1024K)]


Current CompileTask:
C2:245760 19839   !   4       org.eclipse.jdt.internal.core.builder.ClasspathMultiReleaseJar::findClass (219 bytes)

Stack: [0x0000004b13b00000,0x0000004b13c00000]
Native frames: (J=compiled Java code, j=interpreted, Vv=VM code, C=native code)
V  [jvm.dll+0x6d6e29]
V  [jvm.dll+0x8b4b76]
V  [jvm.dll+0x8b712e]
V  [jvm.dll+0x8b7813]
V  [jvm.dll+0x283d86]
V  [jvm.dll+0xc66ed]
V  [jvm.dll+0xc6c31]
V  [jvm.dll+0x3be501]
V  [jvm.dll+0x38ab92]
V  [jvm.dll+0x389fda]
V  [jvm.dll+0x24bfa0]
V  [jvm.dll+0x24b580]
V  [jvm.dll+0x1cb13e]
V  [jvm.dll+0x25b29d]
V  [jvm.dll+0x25982a]
V  [jvm.dll+0x3f7ea6]
V  [jvm.dll+0x85e9ad]
V  [jvm.dll+0x6d565d]
C  [ucrtbase.dll+0x29333]
C  [KERNEL32.DLL+0x1259d]
C  [ntdll.dll+0x5af78]


---------------  P R O C E S S  ---------------

Threads class SMR info:
_java_thread_list=0x000001de0fd79b00, length=60, elements={
0x000001ddabae9420, 0x000001ddade5df50, 0x000001ddc4817da0, 0x000001ddc481b030,
0x000001ddc481c1c0, 0x000001ddc481df80, 0x000001ddc4820ae0, 0x000001ddc4821910,
0x000001ddc4847490, 0x000001de072e66f0, 0x000001de0740d5a0, 0x000001de0c06d3f0,
0x000001de0c092eb0, 0x000001de0c042180, 0x000001de0c042bb0, 0x000001de0c3ed810,
0x000001de0c53f220, 0x000001de0c446030, 0x000001de07ad9370, 0x000001de07cbbb30,
0x000001de07cbdc00, 0x000001de07cbae10, 0x000001de07cbcee0, 0x000001de07cbd570,
0x000001de07cbe290, 0x000001de0fa4b830, 0x000001de0fa4b1a0, 0x000001de0fa4ecb0,
0x000001de0fa4df90, 0x000001de0fa490d0, 0x000001de0fa4cbe0, 0x000001de0fa50060,
0x000001de0fa4f9d0, 0x000001de0fa4ab10, 0x000001de0fa49760, 0x000001de0fa4bec0,
0x000001de0fa4d900, 0x000001de0fa4f340, 0x000001de0fa4c550, 0x000001de0fa506f0,
0x000001de0fa49df0, 0x000001de0daae260, 0x000001de100a3580, 0x000001de1009f3e0,
0x000001de0fa4a480, 0x000001de0fa4d270, 0x000001de0dc882f0, 0x000001de0dc8aa50,
0x000001de0dc89d30, 0x000001de0dc8c490, 0x000001de0dc875d0, 0x000001de0dc8b0e0,
0x000001de0dc8a3c0, 0x000001de0dc86220, 0x000001de0dc86f40, 0x000001de0dc8d840,
0x000001de0dc87c60, 0x000001de07963690, 0x000001de07963d60, 0x000001de0fd67180
}

Java Threads: ( => current thread )
  0x000001ddabae9420 JavaThread "main"                              [_thread_blocked, id=1280, stack(0x0000004b0f900000,0x0000004b0fa00000) (1024K)]
  0x000001ddade5df50 JavaThread "Reference Handler"          daemon [_thread_blocked, id=11612, stack(0x0000004b0fd00000,0x0000004b0fe00000) (1024K)]
  0x000001ddc4817da0 JavaThread "Finalizer"                  daemon [_thread_blocked, id=18808, stack(0x0000004b0fe00000,0x0000004b0ff00000) (1024K)]
  0x000001ddc481b030 JavaThread "Signal Dispatcher"          daemon [_thread_blocked, id=21620, stack(0x0000004b0ff00000,0x0000004b10000000) (1024K)]
  0x000001ddc481c1c0 JavaThread "Attach Listener"            daemon [_thread_blocked, id=21828, stack(0x0000004b10000000,0x0000004b10100000) (1024K)]
  0x000001ddc481df80 JavaThread "Service Thread"             daemon [_thread_blocked, id=5964, stack(0x0000004b10100000,0x0000004b10200000) (1024K)]
  0x000001ddc4820ae0 JavaThread "Monitor Deflation Thread"   daemon [_thread_blocked, id=21848, stack(0x0000004b10200000,0x0000004b10300000) (1024K)]
  0x000001ddc4821910 JavaThread "C2 CompilerThread0"         daemon [_thread_blocked, id=20864, stack(0x0000004b10300000,0x0000004b10400000) (1024K)]
  0x000001ddc4847490 JavaThread "C1 CompilerThread0"         daemon [_thread_in_native, id=21292, stack(0x0000004b10400000,0x0000004b10500000) (1024K)]
  0x000001de072e66f0 JavaThread "Common-Cleaner"             daemon [_thread_blocked, id=22284, stack(0x0000004b10600000,0x0000004b10700000) (1024K)]
  0x000001de0740d5a0 JavaThread "Notification Thread"        daemon [_thread_blocked, id=4676, stack(0x0000004b10500000,0x0000004b10600000) (1024K)]
  0x000001de0c06d3f0 JavaThread "Active Thread: Equinox Container: f4228cf5-7088-4761-ba2f-3cc89588af6b"        [_thread_blocked, id=16408, stack(0x0000004b10f00000,0x0000004b11000000) (1024K)]
  0x000001de0c092eb0 JavaThread "Refresh Thread: Equinox Container: f4228cf5-7088-4761-ba2f-3cc89588af6b" daemon [_thread_blocked, id=5284, stack(0x0000004b11100000,0x0000004b11200000) (1024K)]
  0x000001de0c042180 JavaThread "Framework Event Dispatcher: Equinox Container: f4228cf5-7088-4761-ba2f-3cc89588af6b" daemon [_thread_blocked, id=6088, stack(0x0000004b11200000,0x0000004b11300000) (1024K)]
  0x000001de0c042bb0 JavaThread "Start Level: Equinox Container: f4228cf5-7088-4761-ba2f-3cc89588af6b" daemon [_thread_blocked, id=18944, stack(0x0000004b11300000,0x0000004b11400000) (1024K)]
  0x000001de0c3ed810 JavaThread "Bundle File Closer"         daemon [_thread_blocked, id=18464, stack(0x0000004b11400000,0x0000004b11500000) (1024K)]
  0x000001de0c53f220 JavaThread "SCR Component Actor"        daemon [_thread_blocked, id=21328, stack(0x0000004b11500000,0x0000004b11600000) (1024K)]
  0x000001de0c446030 JavaThread "Worker-JM"                         [_thread_blocked, id=4232, stack(0x0000004b11600000,0x0000004b11700000) (1024K)]
  0x000001de07ad9370 JavaThread "JNA Cleaner"                daemon [_thread_blocked, id=5024, stack(0x0000004b10700000,0x0000004b10800000) (1024K)]
  0x000001de07cbbb30 JavaThread "Worker-0"                          [_thread_blocked, id=20488, stack(0x0000004b10e00000,0x0000004b10f00000) (1024K)]
  0x000001de07cbdc00 JavaThread "Java indexing"              daemon [_thread_blocked, id=308, stack(0x0000004b11a00000,0x0000004b11b00000) (1024K)]
  0x000001de07cbae10 JavaThread "Worker-3"                          [_thread_blocked, id=20908, stack(0x0000004b11e00000,0x0000004b11f00000) (1024K)]
  0x000001de07cbcee0 JavaThread "Thread-1"                   daemon [_thread_in_native, id=10228, stack(0x0000004b12000000,0x0000004b12100000) (1024K)]
  0x000001de07cbd570 JavaThread "Thread-2"                   daemon [_thread_in_native, id=21056, stack(0x0000004b12100000,0x0000004b12200000) (1024K)]
  0x000001de07cbe290 JavaThread "Thread-3"                   daemon [_thread_in_native, id=6164, stack(0x0000004b12200000,0x0000004b12300000) (1024K)]
  0x000001de0fa4b830 JavaThread "Thread-4"                   daemon [_thread_in_native, id=8152, stack(0x0000004b12300000,0x0000004b12400000) (1024K)]
  0x000001de0fa4b1a0 JavaThread "Thread-5"                   daemon [_thread_in_native, id=15748, stack(0x0000004b12400000,0x0000004b12500000) (1024K)]
  0x000001de0fa4ecb0 JavaThread "Thread-6"                   daemon [_thread_in_native, id=21092, stack(0x0000004b12500000,0x0000004b12600000) (1024K)]
  0x000001de0fa4df90 JavaThread "Thread-7"                   daemon [_thread_in_native, id=4428, stack(0x0000004b12600000,0x0000004b12700000) (1024K)]
  0x000001de0fa490d0 JavaThread "Thread-8"                   daemon [_thread_in_native, id=13468, stack(0x0000004b12700000,0x0000004b12800000) (1024K)]
  0x000001de0fa4cbe0 JavaThread "Thread-9"                   daemon [_thread_in_native, id=19072, stack(0x0000004b12800000,0x0000004b12900000) (1024K)]
  0x000001de0fa50060 JavaThread "pool-2-thread-1"                   [_thread_blocked, id=21228, stack(0x0000004b12900000,0x0000004b12a00000) (1024K)]
  0x000001de0fa4f9d0 JavaThread "WorkspaceEventsHandler"            [_thread_blocked, id=7444, stack(0x0000004b12a00000,0x0000004b12b00000) (1024K)]
  0x000001de0fa4ab10 JavaThread "pool-1-thread-1"                   [_thread_blocked, id=22440, stack(0x0000004b12b00000,0x0000004b12c00000) (1024K)]
  0x000001de0fa49760 JavaThread "ForkJoinPool.commonPool-worker-1" daemon [_thread_blocked, id=5684, stack(0x0000004b12c00000,0x0000004b12d00000) (1024K)]
  0x000001de0fa4bec0 JavaThread "ForkJoinPool.commonPool-worker-2" daemon [_thread_blocked, id=5636, stack(0x0000004b12d00000,0x0000004b12e00000) (1024K)]
  0x000001de0fa4d900 JavaThread "ForkJoinPool.commonPool-worker-3" daemon [_thread_blocked, id=20260, stack(0x0000004b12e00000,0x0000004b12f00000) (1024K)]
  0x000001de0fa4f340 JavaThread "ForkJoinPool.commonPool-worker-4" daemon [_thread_blocked, id=19516, stack(0x0000004b12f00000,0x0000004b13000000) (1024K)]
  0x000001de0fa4c550 JavaThread "ForkJoinPool.commonPool-worker-5" daemon [_thread_blocked, id=21524, stack(0x0000004b13000000,0x0000004b13100000) (1024K)]
  0x000001de0fa506f0 JavaThread "ForkJoinPool.commonPool-worker-6" daemon [_thread_blocked, id=18660, stack(0x0000004b13100000,0x0000004b13200000) (1024K)]
  0x000001de0fa49df0 JavaThread "ForkJoinPool.commonPool-worker-7" daemon [_thread_blocked, id=9996, stack(0x0000004b13200000,0x0000004b13300000) (1024K)]
  0x000001de0daae260 JavaThread "Cleaner-0"                  daemon [_thread_blocked, id=21120, stack(0x0000004b0f600000,0x0000004b0f700000) (1024K)]
  0x000001de100a3580 JavaThread "Worker-5: Java indexing... "        [_thread_blocked, id=22388, stack(0x0000004b0f700000,0x0000004b0f800000) (1024K)]
  0x000001de1009f3e0 JavaThread "Worker-6"                          [_thread_blocked, id=21716, stack(0x0000004b0f800000,0x0000004b0f900000) (1024K)]
  0x000001de0fa4a480 JavaThread "Worker-7"                          [_thread_blocked, id=16396, stack(0x0000004b11700000,0x0000004b11800000) (1024K)]
  0x000001de0fa4d270 JavaThread "Compiler Source File Reader" daemon [_thread_blocked, id=21364, stack(0x0000004b11900000,0x0000004b11a00000) (1024K)]
  0x000001de0dc882f0 JavaThread "Compiler Processing Task"   daemon [_thread_blocked, id=22500, stack(0x0000004b11b00000,0x0000004b11c00000) (1024K)]
  0x000001de0dc8aa50 JavaThread "Compiler Source File Reader" daemon [_thread_blocked, id=12460, stack(0x0000004b11c00000,0x0000004b11d00000) (1024K)]
  0x000001de0dc89d30 JavaThread "Compiler Source File Reader" daemon [_thread_blocked, id=5556, stack(0x0000004b11800000,0x0000004b11900000) (1024K)]
  0x000001de0dc8c490 JavaThread "Worker-8"                          [_thread_blocked, id=22504, stack(0x0000004b13300000,0x0000004b13400000) (1024K)]
  0x000001de0dc875d0 JavaThread "Compiler Source File Reader" daemon [_thread_blocked, id=7088, stack(0x0000004b11f00000,0x0000004b12000000) (1024K)]
  0x000001de0dc8b0e0 JavaThread "Compiler Source File Reader" daemon [_thread_blocked, id=8160, stack(0x0000004b11d00000,0x0000004b11e00000) (1024K)]
  0x000001de0dc8a3c0 JavaThread "Compiler Source File Reader" daemon [_thread_blocked, id=21388, stack(0x0000004b13400000,0x0000004b13500000) (1024K)]
  0x000001de0dc86220 JavaThread "Keep-Alive-Timer"           daemon [_thread_blocked, id=2280, stack(0x0000004b13700000,0x0000004b13800000) (1024K)]
  0x000001de0dc86f40 JavaThread "pool-1-thread-2"                   [_thread_blocked, id=15964, stack(0x0000004b13900000,0x0000004b13a00000) (1024K)]
  0x000001de0dc8d840 JavaThread "pool-1-thread-3"                   [_thread_blocked, id=7616, stack(0x0000004b13600000,0x0000004b13700000) (1024K)]
  0x000001de0dc87c60 JavaThread "pool-1-thread-4"                   [_thread_in_native, id=7048, stack(0x0000004b13800000,0x0000004b13900000) (1024K)]
  0x000001de07963690 JavaThread "C2 CompilerThread1"         daemon [_thread_blocked, id=22168, stack(0x0000004b13a00000,0x0000004b13b00000) (1024K)]
=>0x000001de07963d60 JavaThread "C2 CompilerThread2"         daemon [_thread_in_native, id=13980, stack(0x0000004b13b00000,0x0000004b13c00000) (1024K)]
  0x000001de0fd67180 JavaThread "Worker-9"                          [_thread_blocked, id=22328, stack(0x0000004b13c00000,0x0000004b13d00000) (1024K)]
Total: 60

Other Threads:
  0x000001ddabbaeb90 VMThread "VM Thread"                           [id=13384, stack(0x0000004b0fc00000,0x0000004b0fd00000) (1024K)]
  0x000001ddc472ca10 WatcherThread "VM Periodic Task Thread"        [id=13572, stack(0x0000004b0fb00000,0x0000004b0fc00000) (1024K)]
  0x000001ddaddc9420 WorkerThread "GC Thread#0"                     [id=21344, stack(0x0000004b0fa00000,0x0000004b0fb00000) (1024K)]
  0x000001de07798d30 WorkerThread "GC Thread#1"                     [id=20520, stack(0x0000004b10800000,0x0000004b10900000) (1024K)]
  0x000001de077990d0 WorkerThread "GC Thread#2"                     [id=9964, stack(0x0000004b10900000,0x0000004b10a00000) (1024K)]
  0x000001de07b09bc0 WorkerThread "GC Thread#3"                     [id=12272, stack(0x0000004b10a00000,0x0000004b10b00000) (1024K)]
  0x000001de07b09f60 WorkerThread "GC Thread#4"                     [id=1700, stack(0x0000004b10b00000,0x0000004b10c00000) (1024K)]
  0x000001de07b0a300 WorkerThread "GC Thread#5"                     [id=12848, stack(0x0000004b10c00000,0x0000004b10d00000) (1024K)]
  0x000001de07816b20 WorkerThread "GC Thread#6"                     [id=4972, stack(0x0000004b10d00000,0x0000004b10e00000) (1024K)]
  0x000001de0c092b10 WorkerThread "GC Thread#7"                     [id=20952, stack(0x0000004b11000000,0x0000004b11100000) (1024K)]
Total: 10

Threads with active compile tasks:
C2 CompilerThread0  245850 19896 %     4       org.eclipse.jdt.internal.core.JavaProject::filterLimitedModules @ 31 (179 bytes)
C1 CompilerThread0  245850 19898       3       org.eclipse.jdt.internal.compiler.parser.Parser::consumeMethodInvocationName (195 bytes)
C2 CompilerThread1  245850 19899       4       org.eclipse.jdt.internal.compiler.util.SimpleSet::rehash (72 bytes)
C2 CompilerThread2  245850 19839   !   4       org.eclipse.jdt.internal.core.builder.ClasspathMultiReleaseJar::findClass (219 bytes)
Total: 4

VM state: not at safepoint (normal execution)

VM Mutex/Monitor currently owned by a thread: None

Heap address: 0x0000000080000000, size: 2048 MB, Compressed Oops mode: 32-bit

CDS archive(s) mapped at: [0x000001ddc5000000-0x000001ddc5ba0000-0x000001ddc5ba0000), size 12189696, SharedBaseAddress: 0x000001ddc5000000, ArchiveRelocationMode: 1.
Compressed class space mapped at: 0x000001ddc6000000-0x000001de06000000, reserved size: 1073741824
Narrow klass base: 0x000001ddc5000000, Narrow klass shift: 0, Narrow klass range: 0x100000000

GC Precious Log:
 CardTable entry size: 512
 CPUs: 8 total, 8 available
 Memory: 8035M
 Large Page Support: Disabled
 NUMA Support: Disabled
 Compressed Oops: Enabled (32-bit)
 Alignments: Space 512K, Generation 512K, Heap 2M
 Heap Min Capacity: 100M
 Heap Initial Capacity: 100M
 Heap Max Capacity: 2G
 Pre-touch: Disabled
 Parallel Workers: 8

Heap:
 PSYoungGen      total 6656K, used 3311K [0x00000000d5580000, 0x00000000d6480000, 0x0000000100000000)
  eden space 4096K, 19% used [0x00000000d5580000,0x00000000d56471e0,0x00000000d5980000)
  from space 2560K, 98% used [0x00000000d5980000,0x00000000d5bf9210,0x00000000d5c00000)
  to   space 5632K, 0% used [0x00000000d5f00000,0x00000000d5f00000,0x00000000d6480000)
 ParOldGen       total 733184K, used 732952K [0x0000000080000000, 0x00000000acc00000, 0x00000000d5580000)
  object space 733184K, 99% used [0x0000000080000000,0x00000000acbc6050,0x00000000acc00000)
 Metaspace       used 89672K, committed 91648K, reserved 1179648K
  class space    used 9514K, committed 10432K, reserved 1048576K

Card table byte_map: [0x000001ddad740000,0x000001ddadb50000] _byte_map_base: 0x000001ddad340000

Marking Bits: (ParMarkBitMap*) 0x00007ff8bca62460
 Begin Bits: [0x000001ddc0250000, 0x000001ddc2250000)
 End Bits:   [0x000001ddc2250000, 0x000001ddc4250000)

Polling page: 0x000001ddabc70000

Metaspace:

Usage:
  Non-class:     78.28 MB used.
      Class:      9.29 MB used.
       Both:     87.57 MB used.

Virtual space:
  Non-class space:      128.00 MB reserved,      79.31 MB ( 62%) committed,  2 nodes.
      Class space:        1.00 GB reserved,      10.19 MB ( <1%) committed,  1 nodes.
             Both:        1.12 GB reserved,      89.50 MB (  8%) committed. 

Chunk freelists:
   Non-Class:  15.81 MB
       Class:  5.67 MB
        Both:  21.49 MB

MaxMetaspaceSize: unlimited
CompressedClassSpaceSize: 1.00 GB
Initial GC threshold: 21.00 MB
Current GC threshold: 135.56 MB
CDS: on
 - commit_granule_bytes: 65536.
 - commit_granule_words: 8192.
 - virtual_space_node_default_size: 8388608.
 - enlarge_chunks_in_place: 1.
 - use_allocation_guard: 0.


Internal statistics:

num_allocs_failed_limit: 9.
num_arena_births: 1792.
num_arena_deaths: 44.
num_vsnodes_births: 3.
num_vsnodes_deaths: 0.
num_space_committed: 1432.
num_space_uncommitted: 0.
num_chunks_returned_to_freelist: 64.
num_chunks_taken_from_freelist: 6286.
num_chunk_merges: 20.
num_chunk_splits: 3691.
num_chunks_enlarged: 1907.
num_inconsistent_stats: 0.

CodeHeap 'non-profiled nmethods': size=120000Kb used=15957Kb max_used=15957Kb free=104042Kb
 bounds [0x000001ddb8a70000, 0x000001ddb9a10000, 0x000001ddbffa0000]
CodeHeap 'profiled nmethods': size=120000Kb used=44079Kb max_used=44079Kb free=75920Kb
 bounds [0x000001ddb0fa0000, 0x000001ddb3ab0000, 0x000001ddb84d0000]
CodeHeap 'non-nmethods': size=5760Kb used=1524Kb max_used=1619Kb free=4235Kb
 bounds [0x000001ddb84d0000, 0x000001ddb8740000, 0x000001ddb8a70000]
CodeCache: size=245760Kb, used=61560Kb, max_used=61655Kb, free=184197Kb
 total_blobs=19109, nmethods=18263, adapters=746, full_count=0
Compilation: enabled, stopped_count=0, restarted_count=0

Compilation events (20 events):
Event: 245.656 Thread 0x000001ddc4847490 nmethod 19878 0x000001ddb3a9a210 code [0x000001ddb3a9a420, 0x000001ddb3a9a930]
Event: 245.656 Thread 0x000001ddc4847490 19879       3       java.util.AbstractList$SubList::checkForComodification (23 bytes)
Event: 245.657 Thread 0x000001ddc4847490 nmethod 19879 0x000001ddb3a9ab90 code [0x000001ddb3a9ad40, 0x000001ddb3a9af68]
Event: 245.657 Thread 0x000001ddc4847490 19880       3       java.util.AbstractList$SubList::rangeCheckForAdd (26 bytes)
Event: 245.657 Thread 0x000001ddc4847490 nmethod 19880 0x000001ddb3a9b090 code [0x000001ddb3a9b300, 0x000001ddb3a9bb20]
Event: 245.657 Thread 0x000001ddc4847490 19881       3       java.util.AbstractList$SubList$1::<init> (41 bytes)
Event: 245.658 Thread 0x000001ddc4847490 nmethod 19881 0x000001ddb3a9be90 code [0x000001ddb3a9c040, 0x000001ddb3a9c2c8]
Event: 245.658 Thread 0x000001ddc4847490 19884       3       java.util.AbstractList$SubList::<init> (35 bytes)
Event: 245.658 Thread 0x000001ddc4847490 nmethod 19884 0x000001ddb3a9c410 code [0x000001ddb3a9c5c0, 0x000001ddb3a9c830]
Event: 245.659 Thread 0x000001de07963690 nmethod 19883 0x000001ddb9a04810 code [0x000001ddb9a049a0, 0x000001ddb9a04b38]
Event: 245.660 Thread 0x000001ddc4847490 19885       3       org.eclipse.core.internal.localstore.UnifiedTree::createNode (61 bytes)
Event: 245.661 Thread 0x000001ddc4847490 nmethod 19885 0x000001ddb3a9c990 code [0x000001ddb3a9cb80, 0x000001ddb3a9d1d0]
Event: 245.664 Thread 0x000001ddc4847490 19886       3       org.eclipse.core.internal.localstore.UnifiedTree::addNodeChildrenToQueue (85 bytes)
Event: 245.666 Thread 0x000001ddc4847490 nmethod 19886 0x000001ddb3a9d410 code [0x000001ddb3a9d6a0, 0x000001ddb3a9e5c8]
Event: 245.668 Thread 0x000001ddc4847490 19887       3       org.eclipse.jdt.internal.core.DeltaProcessor$2::visit (84 bytes)
Event: 245.669 Thread 0x000001ddc4847490 nmethod 19887 0x000001ddb3a9ea10 code [0x000001ddb3a9ec00, 0x000001ddb3a9f1b8]
Event: 245.674 Thread 0x000001de07963690 19888       4       java.util.HashSet::isEmpty (8 bytes)
Event: 245.674 Thread 0x000001ddc4847490 19889       3       org.eclipse.core.internal.preferences.PreferencesService::getNodes (128 bytes)
Event: 245.675 Thread 0x000001de07963690 nmethod 19888 0x000001ddb9a04c10 code [0x000001ddb9a04da0, 0x000001ddb9a04e50]
Event: 245.679 Thread 0x000001ddc4847490 nmethod 19889 0x000001ddb3a9f390 code [0x000001ddb3a9f760, 0x000001ddb3aa11a8]

GC Heap History (20 events):
Event: 245.373 GC heap after
{Heap after GC invocations=1134 (full 4):
 PSYoungGen      total 2048K, used 637K [0x00000000d5580000, 0x00000000d5a80000, 0x0000000100000000)
  eden space 1024K, 0% used [0x00000000d5580000,0x00000000d5580000,0x00000000d5680000)
  from space 1024K, 62% used [0x00000000d5980000,0x00000000d5a1f508,0x00000000d5a80000)
  to   space 1024K, 0% used [0x00000000d5880000,0x00000000d5880000,0x00000000d5980000)
 ParOldGen       total 680960K, used 680536K [0x0000000080000000, 0x00000000a9900000, 0x00000000d5580000)
  object space 680960K, 99% used [0x0000000080000000,0x00000000a9896238,0x00000000a9900000)
 Metaspace       used 89619K, committed 91648K, reserved 1179648K
  class space    used 9514K, committed 10432K, reserved 1048576K
}
Event: 245.376 GC heap before
{Heap before GC invocations=1135 (full 4):
 PSYoungGen      total 2048K, used 1661K [0x00000000d5580000, 0x00000000d5a80000, 0x0000000100000000)
  eden space 1024K, 100% used [0x00000000d5580000,0x00000000d5680000,0x00000000d5680000)
  from space 1024K, 62% used [0x00000000d5980000,0x00000000d5a1f508,0x00000000d5a80000)
  to   space 1024K, 0% used [0x00000000d5880000,0x00000000d5880000,0x00000000d5980000)
 ParOldGen       total 680960K, used 680536K [0x0000000080000000, 0x00000000a9900000, 0x00000000d5580000)
  object space 680960K, 99% used [0x0000000080000000,0x00000000a9896238,0x00000000a9900000)
 Metaspace       used 89619K, committed 91648K, reserved 1179648K
  class space    used 9514K, committed 10432K, reserved 1048576K
}
Event: 245.381 GC heap after
{Heap after GC invocations=1135 (full 4):
 PSYoungGen      total 2560K, used 994K [0x00000000d5580000, 0x00000000d5b00000, 0x0000000100000000)
  eden space 1536K, 0% used [0x00000000d5580000,0x00000000d5580000,0x00000000d5700000)
  from space 1024K, 97% used [0x00000000d5880000,0x00000000d5978b58,0x00000000d5980000)
  to   space 1536K, 0% used [0x00000000d5980000,0x00000000d5980000,0x00000000d5b00000)
 ParOldGen       total 681472K, used 681077K [0x0000000080000000, 0x00000000a9980000, 0x00000000d5580000)
  object space 681472K, 99% used [0x0000000080000000,0x00000000a991d740,0x00000000a9980000)
 Metaspace       used 89619K, committed 91648K, reserved 1179648K
  class space    used 9514K, committed 10432K, reserved 1048576K
}
Event: 245.389 GC heap before
{Heap before GC invocations=1136 (full 4):
 PSYoungGen      total 2560K, used 2530K [0x00000000d5580000, 0x00000000d5b00000, 0x0000000100000000)
  eden space 1536K, 100% used [0x00000000d5580000,0x00000000d5700000,0x00000000d5700000)
  from space 1024K, 97% used [0x00000000d5880000,0x00000000d5978b58,0x00000000d5980000)
  to   space 1536K, 0% used [0x00000000d5980000,0x00000000d5980000,0x00000000d5b00000)
 ParOldGen       total 681472K, used 681077K [0x0000000080000000, 0x00000000a9980000, 0x00000000d5580000)
  object space 681472K, 99% used [0x0000000080000000,0x00000000a991d740,0x00000000a9980000)
 Metaspace       used 89619K, committed 91648K, reserved 1179648K
  class space    used 9514K, committed 10432K, reserved 1048576K
}
Event: 245.393 GC heap after
{Heap after GC invocations=1136 (full 4):
 PSYoungGen      total 3584K, used 1216K [0x00000000d5580000, 0x00000000d5b00000, 0x0000000100000000)
  eden space 2048K, 0% used [0x00000000d5580000,0x00000000d5580000,0x00000000d5780000)
  from space 1536K, 79% used [0x00000000d5980000,0x00000000d5ab0000,0x00000000d5b00000)
  to   space 1536K, 0% used [0x00000000d5800000,0x00000000d5800000,0x00000000d5980000)
 ParOldGen       total 682496K, used 682013K [0x0000000080000000, 0x00000000a9a80000, 0x00000000d5580000)
  object space 682496K, 99% used [0x0000000080000000,0x00000000a9a07740,0x00000000a9a80000)
 Metaspace       used 89619K, committed 91648K, reserved 1179648K
  class space    used 9514K, committed 10432K, reserved 1048576K
}
Event: 245.402 GC heap before
{Heap before GC invocations=1137 (full 4):
 PSYoungGen      total 3584K, used 3264K [0x00000000d5580000, 0x00000000d5b00000, 0x0000000100000000)
  eden space 2048K, 100% used [0x00000000d5580000,0x00000000d5780000,0x00000000d5780000)
  from space 1536K, 79% used [0x00000000d5980000,0x00000000d5ab0000,0x00000000d5b00000)
  to   space 1536K, 0% used [0x00000000d5800000,0x00000000d5800000,0x00000000d5980000)
 ParOldGen       total 682496K, used 682013K [0x0000000080000000, 0x00000000a9a80000, 0x00000000d5580000)
  object space 682496K, 99% used [0x0000000080000000,0x00000000a9a07740,0x00000000a9a80000)
 Metaspace       used 89624K, committed 91648K, reserved 1179648K
  class space    used 9514K, committed 10432K, reserved 1048576K
}
Event: 245.407 GC heap after
{Heap after GC invocations=1137 (full 4):
 PSYoungGen      total 4096K, used 1536K [0x00000000d5580000, 0x00000000d5e00000, 0x0000000100000000)
  eden space 2560K, 0% used [0x00000000d5580000,0x00000000d5580000,0x00000000d5800000)
  from space 1536K, 100% used [0x00000000d5800000,0x00000000d5980000,0x00000000d5980000)
  to   space 3072K, 0% used [0x00000000d5b00000,0x00000000d5b00000,0x00000000d5e00000)
 ParOldGen       total 683520K, used 683165K [0x0000000080000000, 0x00000000a9b80000, 0x00000000d5580000)
  object space 683520K, 99% used [0x0000000080000000,0x00000000a9b27740,0x00000000a9b80000)
 Metaspace       used 89624K, committed 91648K, reserved 1179648K
  class space    used 9514K, committed 10432K, reserved 1048576K
}
Event: 245.430 GC heap before
{Heap before GC invocations=1138 (full 4):
 PSYoungGen      total 4096K, used 4096K [0x00000000d5580000, 0x00000000d5e00000, 0x0000000100000000)
  eden space 2560K, 100% used [0x00000000d5580000,0x00000000d5800000,0x00000000d5800000)
  from space 1536K, 100% used [0x00000000d5800000,0x00000000d5980000,0x00000000d5980000)
  to   space 3072K, 0% used [0x00000000d5b00000,0x00000000d5b00000,0x00000000d5e00000)
 ParOldGen       total 683520K, used 683165K [0x0000000080000000, 0x00000000a9b80000, 0x00000000d5580000)
  object space 683520K, 99% used [0x0000000080000000,0x00000000a9b27740,0x00000000a9b80000)
 Metaspace       used 89650K, committed 91648K, reserved 1179648K
  class space    used 9514K, committed 10432K, reserved 1048576K
}
Event: 245.438 GC heap after
{Heap after GC invocations=1138 (full 4):
 PSYoungGen      total 5632K, used 2016K [0x00000000d5580000, 0x00000000d5d80000, 0x0000000100000000)
  eden space 3072K, 0% used [0x00000000d5580000,0x00000000d5580000,0x00000000d5880000)
  from space 2560K, 78% used [0x00000000d5b00000,0x00000000d5cf8000,0x00000000d5d80000)
  to   space 2560K, 0% used [0x00000000d5880000,0x00000000d5880000,0x00000000d5b00000)
 ParOldGen       total 685056K, used 684629K [0x0000000080000000, 0x00000000a9d00000, 0x00000000d5580000)
  object space 685056K, 99% used [0x0000000080000000,0x00000000a9c95740,0x00000000a9d00000)
 Metaspace       used 89650K, committed 91648K, reserved 1179648K
  class space    used 9514K, committed 10432K, reserved 1048576K
}
Event: 245.463 GC heap before
{Heap before GC invocations=1139 (full 4):
 PSYoungGen      total 5632K, used 5088K [0x00000000d5580000, 0x00000000d5d80000, 0x0000000100000000)
  eden space 3072K, 100% used [0x00000000d5580000,0x00000000d5880000,0x00000000d5880000)
  from space 2560K, 78% used [0x00000000d5b00000,0x00000000d5cf8000,0x00000000d5d80000)
  to   space 2560K, 0% used [0x00000000d5880000,0x00000000d5880000,0x00000000d5b00000)
 ParOldGen       total 685056K, used 684629K [0x0000000080000000, 0x00000000a9d00000, 0x00000000d5580000)
  object space 685056K, 99% used [0x0000000080000000,0x00000000a9c95740,0x00000000a9d00000)
 Metaspace       used 89653K, committed 91648K, reserved 1179648K
  class space    used 9514K, committed 10432K, reserved 1048576K
}
Event: 245.469 GC heap after
{Heap after GC invocations=1139 (full 4):
 PSYoungGen      total 5632K, used 2156K [0x00000000d5580000, 0x00000000d5e80000, 0x0000000100000000)
  eden space 3072K, 0% used [0x00000000d5580000,0x00000000d5580000,0x00000000d5880000)
  from space 2560K, 84% used [0x00000000d5880000,0x00000000d5a9b000,0x00000000d5b00000)
  to   space 2560K, 0% used [0x00000000d5c00000,0x00000000d5c00000,0x00000000d5e80000)
 ParOldGen       total 686592K, used 686517K [0x0000000080000000, 0x00000000a9e80000, 0x00000000d5580000)
  object space 686592K, 99% used [0x0000000080000000,0x00000000a9e6d740,0x00000000a9e80000)
 Metaspace       used 89653K, committed 91648K, reserved 1179648K
  class space    used 9514K, committed 10432K, reserved 1048576K
}
Event: 245.509 GC heap before
{Heap before GC invocations=1140 (full 4):
 PSYoungGen      total 5632K, used 5227K [0x00000000d5580000, 0x00000000d5e80000, 0x0000000100000000)
  eden space 3072K, 99% used [0x00000000d5580000,0x00000000d587fff0,0x00000000d5880000)
  from space 2560K, 84% used [0x00000000d5880000,0x00000000d5a9b000,0x00000000d5b00000)
  to   space 2560K, 0% used [0x00000000d5c00000,0x00000000d5c00000,0x00000000d5e80000)
 ParOldGen       total 718336K, used 717237K [0x0000000080000000, 0x00000000abd80000, 0x00000000d5580000)
  object space 718336K, 99% used [0x0000000080000000,0x00000000abc6d770,0x00000000abd80000)
 Metaspace       used 89654K, committed 91648K, reserved 1179648K
  class space    used 9514K, committed 10432K, reserved 1048576K
}
Event: 245.514 GC heap after
{Heap after GC invocations=1140 (full 4):
 PSYoungGen      total 6656K, used 2068K [0x00000000d5580000, 0x00000000d5e80000, 0x0000000100000000)
  eden space 4096K, 0% used [0x00000000d5580000,0x00000000d5580000,0x00000000d5980000)
  from space 2560K, 80% used [0x00000000d5c00000,0x00000000d5e05210,0x00000000d5e80000)
  to   space 2560K, 0% used [0x00000000d5980000,0x00000000d5980000,0x00000000d5c00000)
 ParOldGen       total 718848K, used 718749K [0x0000000080000000, 0x00000000abe00000, 0x00000000d5580000)
  object space 718848K, 99% used [0x0000000080000000,0x00000000abde77a0,0x00000000abe00000)
 Metaspace       used 89654K, committed 91648K, reserved 1179648K
  class space    used 9514K, committed 10432K, reserved 1048576K
}
Event: 245.531 GC heap before
{Heap before GC invocations=1141 (full 4):
 PSYoungGen      total 6656K, used 6164K [0x00000000d5580000, 0x00000000d5e80000, 0x0000000100000000)
  eden space 4096K, 100% used [0x00000000d5580000,0x00000000d5980000,0x00000000d5980000)
  from space 2560K, 80% used [0x00000000d5c00000,0x00000000d5e05210,0x00000000d5e80000)
  to   space 2560K, 0% used [0x00000000d5980000,0x00000000d5980000,0x00000000d5c00000)
 ParOldGen       total 718848K, used 718749K [0x0000000080000000, 0x00000000abe00000, 0x00000000d5580000)
  object space 718848K, 99% used [0x0000000080000000,0x00000000abde77a0,0x00000000abe00000)
 Metaspace       used 89654K, committed 91648K, reserved 1179648K
  class space    used 9514K, committed 10432K, reserved 1048576K
}
Event: 245.537 GC heap after
{Heap after GC invocations=1141 (full 4):
 PSYoungGen      total 6656K, used 576K [0x00000000d5580000, 0x00000000d5d80000, 0x0000000100000000)
  eden space 4096K, 0% used [0x00000000d5580000,0x00000000d5580000,0x00000000d5980000)
  from space 2560K, 22% used [0x00000000d5980000,0x00000000d5a10000,0x00000000d5c00000)
  to   space 1536K, 0% used [0x00000000d5c00000,0x00000000d5c00000,0x00000000d5d80000)
 ParOldGen       total 721408K, used 721082K [0x0000000080000000, 0x00000000ac080000, 0x00000000d5580000)
  object space 721408K, 99% used [0x0000000080000000,0x00000000ac02e9b0,0x00000000ac080000)
 Metaspace       used 89654K, committed 91648K, reserved 1179648K
  class space    used 9514K, committed 10432K, reserved 1048576K
}
Event: 245.644 GC heap before
{Heap before GC invocations=1142 (full 4):
 PSYoungGen      total 6656K, used 4672K [0x00000000d5580000, 0x00000000d5d80000, 0x0000000100000000)
  eden space 4096K, 100% used [0x00000000d5580000,0x00000000d5980000,0x00000000d5980000)
  from space 2560K, 22% used [0x00000000d5980000,0x00000000d5a10000,0x00000000d5c00000)
  to   space 1536K, 0% used [0x00000000d5c00000,0x00000000d5c00000,0x00000000d5d80000)
 ParOldGen       total 721408K, used 721082K [0x0000000080000000, 0x00000000ac080000, 0x00000000d5580000)
  object space 721408K, 99% used [0x0000000080000000,0x00000000ac02e9b0,0x00000000ac080000)
 Metaspace       used 89655K, committed 91648K, reserved 1179648K
  class space    used 9514K, committed 10432K, reserved 1048576K
}
Event: 245.652 GC heap after
{Heap after GC invocations=1142 (full 4):
 PSYoungGen      total 5632K, used 1520K [0x00000000d5580000, 0x00000000d5d80000, 0x0000000100000000)
  eden space 4096K, 0% used [0x00000000d5580000,0x00000000d5580000,0x00000000d5980000)
  from space 1536K, 98% used [0x00000000d5c00000,0x00000000d5d7c000,0x00000000d5d80000)
  to   space 2560K, 0% used [0x00000000d5980000,0x00000000d5980000,0x00000000d5c00000)
 ParOldGen       total 723456K, used 723242K [0x0000000080000000, 0x00000000ac280000, 0x00000000d5580000)
  object space 723456K, 99% used [0x0000000080000000,0x00000000ac24a9d0,0x00000000ac280000)
 Metaspace       used 89655K, committed 91648K, reserved 1179648K
  class space    used 9514K, committed 10432K, reserved 1048576K
}
Event: 245.723 GC heap before
{Heap before GC invocations=1143 (full 4):
 PSYoungGen      total 5632K, used 5616K [0x00000000d5580000, 0x00000000d5d80000, 0x0000000100000000)
  eden space 4096K, 100% used [0x00000000d5580000,0x00000000d5980000,0x00000000d5980000)
  from space 1536K, 98% used [0x00000000d5c00000,0x00000000d5d7c000,0x00000000d5d80000)
  to   space 2560K, 0% used [0x00000000d5980000,0x00000000d5980000,0x00000000d5c00000)
 ParOldGen       total 723456K, used 723242K [0x0000000080000000, 0x00000000ac280000, 0x00000000d5580000)
  object space 723456K, 99% used [0x0000000080000000,0x00000000ac24a9d0,0x00000000ac280000)
 Metaspace       used 89662K, committed 91648K, reserved 1179648K
  class space    used 9514K, committed 10432K, reserved 1048576K
}
Event: 245.730 GC heap after
{Heap after GC invocations=1143 (full 4):
 PSYoungGen      total 6656K, used 2557K [0x00000000d5580000, 0x00000000d5d80000, 0x0000000100000000)
  eden space 4096K, 0% used [0x00000000d5580000,0x00000000d5580000,0x00000000d5980000)
  from space 2560K, 99% used [0x00000000d5980000,0x00000000d5bff680,0x00000000d5c00000)
  to   space 1536K, 0% used [0x00000000d5c00000,0x00000000d5c00000,0x00000000d5d80000)
 ParOldGen       total 726016K, used 725834K [0x0000000080000000, 0x00000000ac500000, 0x00000000d5580000)
  object space 726016K, 99% used [0x0000000080000000,0x00000000ac4d29d0,0x00000000ac500000)
 Metaspace       used 89662K, committed 91648K, reserved 1179648K
  class space    used 9514K, committed 10432K, reserved 1048576K
}
Event: 245.747 GC heap before
{Heap before GC invocations=1144 (full 4):
 PSYoungGen      total 6656K, used 6653K [0x00000000d5580000, 0x00000000d5d80000, 0x0000000100000000)
  eden space 4096K, 100% used [0x00000000d5580000,0x00000000d5980000,0x00000000d5980000)
  from space 2560K, 99% used [0x00000000d5980000,0x00000000d5bff680,0x00000000d5c00000)
  to   space 1536K, 0% used [0x00000000d5c00000,0x00000000d5c00000,0x00000000d5d80000)
 ParOldGen       total 726016K, used 725834K [0x0000000080000000, 0x00000000ac500000, 0x00000000d5580000)
  object space 726016K, 99% used [0x0000000080000000,0x00000000ac4d29d0,0x00000000ac500000)
 Metaspace       used 89662K, committed 91648K, reserved 1179648K
  class space    used 9514K, committed 10432K, reserved 1048576K
}

Dll operation events (12 events):
Event: 0.024 Loaded shared library c:\Users\Hp\.vscode\extensions\redhat.java-1.51.0-win32-x64\jre\21.0.9-win32-x86_64\bin\java.dll
Event: 0.338 Loaded shared library c:\Users\Hp\.vscode\extensions\redhat.java-1.51.0-win32-x64\jre\21.0.9-win32-x86_64\bin\zip.dll
Event: 0.425 Loaded shared library C:\Users\Hp\.vscode\extensions\redhat.java-1.51.0-win32-x64\jre\21.0.9-win32-x86_64\bin\instrument.dll
Event: 0.443 Loaded shared library C:\Users\Hp\.vscode\extensions\redhat.java-1.51.0-win32-x64\jre\21.0.9-win32-x86_64\bin\net.dll
Event: 0.453 Loaded shared library C:\Users\Hp\.vscode\extensions\redhat.java-1.51.0-win32-x64\jre\21.0.9-win32-x86_64\bin\nio.dll
Event: 0.461 Loaded shared library C:\Users\Hp\.vscode\extensions\redhat.java-1.51.0-win32-x64\jre\21.0.9-win32-x86_64\bin\zip.dll
Event: 0.538 Loaded shared library C:\Users\Hp\.vscode\extensions\redhat.java-1.51.0-win32-x64\jre\21.0.9-win32-x86_64\bin\jimage.dll
Event: 0.875 Loaded shared library c:\Users\Hp\.vscode\extensions\redhat.java-1.51.0-win32-x64\jre\21.0.9-win32-x86_64\bin\verify.dll
Event: 4.119 Loaded shared library C:\Users\Hp\AppData\Roaming\Code\User\globalStorage\redhat.java\1.51.0\config_win\org.eclipse.equinox.launcher\org.eclipse.equinox.launcher.win32.win32.x86_64_1.2.1400.v20250801-0854\eclipse_11916.dll
Event: 6.684 Loaded shared library C:\Users\Hp\AppData\Local\Temp\jna-2344\jna3987723344989695918.dll
Event: 78.639 Loaded shared library C:\Users\Hp\.vscode\extensions\redhat.java-1.51.0-win32-x64\jre\21.0.9-win32-x86_64\bin\sunmscapi.dll
Event: 78.702 Loaded shared library C:\Users\Hp\.vscode\extensions\redhat.java-1.51.0-win32-x64\jre\21.0.9-win32-x86_64\bin\extnet.dll

Deoptimization events (20 events):
Event: 245.319 Thread 0x000001de0dc86f40 DEOPT PACKING pc=0x000001ddb8a80c04 sp=0x0000004b139fe480
Event: 245.319 Thread 0x000001de0dc86f40 DEOPT UNPACKING pc=0x000001ddb8523aa2 sp=0x0000004b139fe3d0 mode 2
Event: 245.339 Thread 0x000001de0dc86f40 Uncommon trap: trap_request=0xffffffde fr.pc=0x000001ddb8ba5f6c relative=0x000000000000004c
Event: 245.339 Thread 0x000001de0dc86f40 Uncommon trap: reason=class_check action=maybe_recompile pc=0x000001ddb8ba5f6c method=java.lang.StringConcatHelper.stringOf(Ljava/lang/Object;)Ljava/lang/String; @ 5 c2
Event: 245.339 Thread 0x000001de0dc86f40 DEOPT PACKING pc=0x000001ddb8ba5f6c sp=0x0000004b139fe430
Event: 245.339 Thread 0x000001de0dc86f40 DEOPT UNPACKING pc=0x000001ddb8523aa2 sp=0x0000004b139fe3c8 mode 2
Event: 245.453 Thread 0x000001de100a3580 Uncommon trap: trap_request=0xffffffde fr.pc=0x000001ddb996ab98 relative=0x0000000000000a38
Event: 245.453 Thread 0x000001de100a3580 Uncommon trap: reason=class_check action=maybe_recompile pc=0x000001ddb996ab98 method=java.util.HashMap.computeIfAbsent(Ljava/lang/Object;Ljava/util/function/Function;)Ljava/lang/Object; @ 142 c2
Event: 245.453 Thread 0x000001de100a3580 DEOPT PACKING pc=0x000001ddb996ab98 sp=0x0000004b0f7fd5d0
Event: 245.453 Thread 0x000001de100a3580 DEOPT UNPACKING pc=0x000001ddb8523aa2 sp=0x0000004b0f7fd578 mode 2
Event: 245.496 Thread 0x000001de0fa506f0 DEOPT PACKING pc=0x000001ddb396d222 sp=0x0000004b131fe360
Event: 245.496 Thread 0x000001de0fa506f0 DEOPT UNPACKING pc=0x000001ddb8524242 sp=0x0000004b131fd8d8 mode 0
Event: 245.517 Thread 0x000001de0fa506f0 Uncommon trap: trap_request=0xffffffc6 fr.pc=0x000001ddb967b92c relative=0x00000000000000ec
Event: 245.517 Thread 0x000001de0fa506f0 Uncommon trap: reason=bimorphic_or_optimized_type_check action=maybe_recompile pc=0x000001ddb967b92c method=lombok.eclipse.agent.PatchDelegate.isDelegate(Lorg/eclipse/jdt/internal/compiler/ast/Annotation;Lorg/eclipse/jdt/internal/compiler/ast/TypeDeclarat
Event: 245.517 Thread 0x000001de0fa506f0 DEOPT PACKING pc=0x000001ddb967b92c sp=0x0000004b131fe230
Event: 245.517 Thread 0x000001de0fa506f0 DEOPT UNPACKING pc=0x000001ddb8523aa2 sp=0x0000004b131fe1c0 mode 2
Event: 245.524 Thread 0x000001de100a3580 Uncommon trap: trap_request=0xffffffde fr.pc=0x000001ddb996ab98 relative=0x0000000000000a38
Event: 245.524 Thread 0x000001de100a3580 Uncommon trap: reason=class_check action=maybe_recompile pc=0x000001ddb996ab98 method=java.util.HashMap.computeIfAbsent(Ljava/lang/Object;Ljava/util/function/Function;)Ljava/lang/Object; @ 142 c2
Event: 245.524 Thread 0x000001de100a3580 DEOPT PACKING pc=0x000001ddb996ab98 sp=0x0000004b0f7fd5d0
Event: 245.524 Thread 0x000001de100a3580 DEOPT UNPACKING pc=0x000001ddb8523aa2 sp=0x0000004b0f7fd578 mode 2

Classes loaded (20 events):
Event: 236.310 Loading class sun/net/www/http/Hurryable done
Event: 236.310 Loading class sun/net/www/MeteredStream
Event: 236.310 Loading class sun/net/www/MeteredStream done
Event: 236.310 Loading class sun/net/www/http/KeepAliveStream done
Event: 236.311 Loading class sun/net/www/http/KeepAliveStreamCleaner
Event: 236.311 Loading class sun/net/www/http/KeepAliveStreamCleaner done
Event: 236.317 Loading class sun/net/www/http/KeepAliveStreamCleaner$1
Event: 236.318 Loading class sun/net/www/http/KeepAliveStreamCleaner$1 done
Event: 236.318 Loading class sun/net/www/http/KeepAliveStreamCleaner$2
Event: 236.318 Loading class sun/net/www/http/KeepAliveStreamCleaner$2 done
Event: 236.319 Loading class sun/net/www/protocol/http/HttpURLConnection$HttpInputStream
Event: 236.319 Loading class sun/net/www/protocol/http/HttpURLConnection$HttpInputStream done
Event: 236.320 Loading class sun/net/www/http/KeepAliveCache$1
Event: 236.320 Loading class sun/net/www/http/KeepAliveCache$1 done
Event: 236.327 Loading class sun/net/www/http/KeepAliveCache$ClientVector
Event: 236.328 Loading class sun/net/www/http/KeepAliveCache$ClientVector done
Event: 236.333 Loading class sun/net/www/http/KeepAliveEntry
Event: 236.333 Loading class sun/net/www/http/KeepAliveEntry done
Event: 245.402 Loading class jdk/internal/module/IllegalAccessLogger
Event: 245.402 Loading class jdk/internal/module/IllegalAccessLogger done

Classes unloaded (20 events):
Event: 8.081 Thread 0x000001ddabbaeb90 Unloading class 0x000001ddc61a3800 'java/lang/invoke/LambdaForm$MH+0x000001ddc61a3800'
Event: 8.081 Thread 0x000001ddabbaeb90 Unloading class 0x000001ddc61a3400 'java/lang/invoke/LambdaForm$MH+0x000001ddc61a3400'
Event: 8.081 Thread 0x000001ddabbaeb90 Unloading class 0x000001ddc61a3000 'java/lang/invoke/LambdaForm$BMH+0x000001ddc61a3000'
Event: 8.081 Thread 0x000001ddabbaeb90 Unloading class 0x000001ddc61a2c00 'java/lang/invoke/LambdaForm$DMH+0x000001ddc61a2c00'
Event: 8.081 Thread 0x000001ddabbaeb90 Unloading class 0x000001ddc61a1800 'java/lang/invoke/LambdaForm$DMH+0x000001ddc61a1800'
Event: 157.384 Thread 0x000001ddabbaeb90 Unloading class 0x000001ddc6849000 'java/lang/invoke/LambdaForm$DMH+0x000001ddc6849000'
Event: 157.384 Thread 0x000001ddabbaeb90 Unloading class 0x000001ddc6765400 'java/lang/invoke/LambdaForm$MH+0x000001ddc6765400'
Event: 157.384 Thread 0x000001ddabbaeb90 Unloading class 0x000001ddc6765000 'java/lang/invoke/LambdaForm$MH+0x000001ddc6765000'
Event: 157.384 Thread 0x000001ddabbaeb90 Unloading class 0x000001ddc6764800 'java/lang/invoke/LambdaForm$MH+0x000001ddc6764800'
Event: 157.384 Thread 0x000001ddabbaeb90 Unloading class 0x000001ddc6764400 'java/lang/invoke/LambdaForm$MH+0x000001ddc6764400'
Event: 157.384 Thread 0x000001ddabbaeb90 Unloading class 0x000001ddc6733000 'java/lang/invoke/LambdaForm$MH+0x000001ddc6733000'
Event: 157.384 Thread 0x000001ddabbaeb90 Unloading class 0x000001ddc6732c00 'java/lang/invoke/LambdaForm$MH+0x000001ddc6732c00'
Event: 157.384 Thread 0x000001ddabbaeb90 Unloading class 0x000001ddc6732800 'java/lang/invoke/LambdaForm$MH+0x000001ddc6732800'
Event: 157.384 Thread 0x000001ddabbaeb90 Unloading class 0x000001ddc6732000 'java/lang/invoke/LambdaForm$MH+0x000001ddc6732000'
Event: 157.384 Thread 0x000001ddabbaeb90 Unloading class 0x000001ddc6731c00 'java/lang/invoke/LambdaForm$DMH+0x000001ddc6731c00'
Event: 157.384 Thread 0x000001ddabbaeb90 Unloading class 0x000001ddc6731800 'java/lang/invoke/LambdaForm$MH+0x000001ddc6731800'
Event: 157.384 Thread 0x000001ddabbaeb90 Unloading class 0x000001ddc6730c00 'java/lang/invoke/LambdaForm$DMH+0x000001ddc6730c00'
Event: 157.384 Thread 0x000001ddabbaeb90 Unloading class 0x000001ddc671cc00 'java/lang/invoke/LambdaForm$DMH+0x000001ddc671cc00'
Event: 157.384 Thread 0x000001ddabbaeb90 Unloading class 0x000001ddc671c800 'java/lang/invoke/LambdaForm$DMH+0x000001ddc671c800'
Event: 157.384 Thread 0x000001ddabbaeb90 Unloading class 0x000001ddc671c400 'java/lang/invoke/LambdaForm$DMH+0x000001ddc671c400'

Classes redefined (0 events):
No events

Internal exceptions (20 events):
Event: 194.061 Thread 0x000001de07cbdc00 Exception <a 'sun/nio/fs/WindowsException'{0x00000000d58b67c0}> (0x00000000d58b67c0) 
thrown [s\src\hotspot\share\prims\jni.cpp, line 520]
Event: 194.576 Thread 0x000001de07cbdc00 Exception <a 'sun/nio/fs/WindowsException'{0x00000000d55d4588}> (0x00000000d55d4588) 
thrown [s\src\hotspot\share\prims\jni.cpp, line 520]
Event: 197.769 Thread 0x000001de07cbdc00 Exception <a 'sun/nio/fs/WindowsException'{0x00000000d564e1a0}> (0x00000000d564e1a0) 
thrown [s\src\hotspot\share\prims\jni.cpp, line 520]
Event: 198.302 Thread 0x000001de07cbdc00 Exception <a 'sun/nio/fs/WindowsException'{0x00000000d56f5538}> (0x00000000d56f5538) 
thrown [s\src\hotspot\share\prims\jni.cpp, line 520]
Event: 201.596 Thread 0x000001de07cbdc00 Exception <a 'sun/nio/fs/WindowsException'{0x00000000d55926d0}> (0x00000000d55926d0) 
thrown [s\src\hotspot\share\prims\jni.cpp, line 520]
Event: 202.227 Thread 0x000001de07cbdc00 Exception <a 'sun/nio/fs/WindowsException'{0x00000000d5980110}> (0x00000000d5980110) 
thrown [s\src\hotspot\share\prims\jni.cpp, line 520]
Event: 216.425 Thread 0x000001de07cbdc00 Exception <a 'sun/nio/fs/WindowsException'{0x00000000d5965230}> (0x00000000d5965230) 
thrown [s\src\hotspot\share\prims\jni.cpp, line 520]
Event: 216.865 Thread 0x000001de07cbdc00 Exception <a 'sun/nio/fs/WindowsException'{0x00000000d57ff0d8}> (0x00000000d57ff0d8) 
thrown [s\src\hotspot\share\prims\jni.cpp, line 520]
Event: 224.056 Thread 0x000001de07cbdc00 Exception <a 'sun/nio/fs/WindowsException'{0x00000000d57fe200}> (0x00000000d57fe200) 
thrown [s\src\hotspot\share\prims\jni.cpp, line 520]
Event: 224.589 Thread 0x000001de07cbdc00 Exception <a 'sun/nio/fs/WindowsException'{0x00000000d5831360}> (0x00000000d5831360) 
thrown [s\src\hotspot\share\prims\jni.cpp, line 520]
Event: 234.434 Thread 0x000001de0fa4d900 Implicit null exception at 0x000001ddb90d1908 to 0x000001ddb90d23a0
Event: 234.434 Thread 0x000001de0fa4d900 Implicit null exception at 0x000001ddb8d15e2b to 0x000001ddb8d16b98
Event: 236.691 Thread 0x000001de0fa4d900 Exception <a 'java/lang/NoSuchMethodError'{0x00000000d55dd070}: 'int java.lang.invoke.DirectMethodHandle$Holder.invokeSpecialIFC(java.lang.Object, java.lang.Object, int)'> (0x00000000d55dd070) 
thrown [s\src\hotspot\share\interpreter\linkResolver.cpp, line 773]
Event: 240.554 Thread 0x000001de0fa4ab10 Exception <a 'java/lang/IncompatibleClassChangeError'{0x00000000d569fe60}: Found class java.lang.Object, but interface was expected> (0x00000000d569fe60) 
thrown [s\src\hotspot\share\interpreter\linkResolver.cpp, line 840]
Event: 240.729 Thread 0x000001de0fa4ab10 Exception <a 'java/lang/ArrayIndexOutOfBoundsException'{0x00000000d55ec260}: Index 2528 out of bounds for length 2528> (0x00000000d55ec260) 
thrown [s\src\hotspot\share\interpreter\interpreterRuntime.cpp, line 439]
Event: 240.729 Thread 0x000001de0fa4ab10 Exception <a 'java/lang/ArrayIndexOutOfBoundsException'{0x00000000d55ec8b0}: Index 2528 out of bounds for length 2528> (0x00000000d55ec8b0) 
thrown [s\src\hotspot\share\interpreter\interpreterRuntime.cpp, line 439]
Event: 240.729 Thread 0x000001de0fa4ab10 Exception <a 'java/lang/ArrayIndexOutOfBoundsException'{0x00000000d55ecc50}: Index 2529 out of bounds for length 2528> (0x00000000d55ecc50) 
thrown [s\src\hotspot\share\interpreter\interpreterRuntime.cpp, line 439]
Event: 241.945 Thread 0x000001de0fa4ab10 Exception <a 'java/lang/IncompatibleClassChangeError'{0x00000000d55b60d0}: Found class java.lang.Object, but interface was expected> (0x00000000d55b60d0) 
thrown [s\src\hotspot\share\interpreter\linkResolver.cpp, line 840]
Event: 241.950 Thread 0x000001de0fa4ab10 Implicit null exception at 0x000001ddb950d740 to 0x000001ddb950e1d4
Event: 245.178 Thread 0x000001de07cbdc00 Exception <a 'sun/nio/fs/WindowsException'{0x00000000d5757428}> (0x00000000d5757428) 
thrown [s\src\hotspot\share\prims\jni.cpp, line 520]

ZGC Phase Switch (0 events):
No events

VM Operations (20 events):
Event: 245.373 Executing VM operation: ParallelGCFailedAllocation (Allocation Failure) done
Event: 245.376 Executing VM operation: ParallelGCFailedAllocation (Allocation Failure)
Event: 245.381 Executing VM operation: ParallelGCFailedAllocation (Allocation Failure) done
Event: 245.389 Executing VM operation: ParallelGCFailedAllocation (Allocation Failure)
Event: 245.393 Executing VM operation: ParallelGCFailedAllocation (Allocation Failure) done
Event: 245.402 Executing VM operation: ParallelGCFailedAllocation (Allocation Failure)
Event: 245.407 Executing VM operation: ParallelGCFailedAllocation (Allocation Failure) done
Event: 245.430 Executing VM operation: ParallelGCFailedAllocation (Allocation Failure)
Event: 245.438 Executing VM operation: ParallelGCFailedAllocation (Allocation Failure) done
Event: 245.463 Executing VM operation: ParallelGCFailedAllocation (Allocation Failure)
Event: 245.469 Executing VM operation: ParallelGCFailedAllocation (Allocation Failure) done
Event: 245.502 Executing VM operation: ParallelGCFailedAllocation (Allocation Failure)
Event: 245.514 Executing VM operation: ParallelGCFailedAllocation (Allocation Failure) done
Event: 245.531 Executing VM operation: ParallelGCFailedAllocation (Allocation Failure)
Event: 245.537 Executing VM operation: ParallelGCFailedAllocation (Allocation Failure) done
Event: 245.644 Executing VM operation: ParallelGCFailedAllocation (Allocation Failure)
Event: 245.652 Executing VM operation: ParallelGCFailedAllocation (Allocation Failure) done
Event: 245.723 Executing VM operation: ParallelGCFailedAllocation (Allocation Failure)
Event: 245.730 Executing VM operation: ParallelGCFailedAllocation (Allocation Failure) done
Event: 245.747 Executing VM operation: ParallelGCFailedAllocation (Allocation Failure)

Memory protections (0 events):
No events

Nmethod flushes (20 events):
Event: 157.445 Thread 0x000001ddabbaeb90 flushing  nmethod 0x000001ddb1d17010
Event: 157.445 Thread 0x000001ddabbaeb90 flushing  nmethod 0x000001ddb1d18010
Event: 157.445 Thread 0x000001ddabbaeb90 flushing  nmethod 0x000001ddb1d19190
Event: 157.445 Thread 0x000001ddabbaeb90 flushing  nmethod 0x000001ddb1d19610
Event: 157.445 Thread 0x000001ddabbaeb90 flushing  nmethod 0x000001ddb1d1c710
Event: 157.445 Thread 0x000001ddabbaeb90 flushing  nmethod 0x000001ddb1d1d410
Event: 157.445 Thread 0x000001ddabbaeb90 flushing  nmethod 0x000001ddb1d45e10
Event: 157.445 Thread 0x000001ddabbaeb90 flushing osr nmethod 0x000001ddb1d46690
Event: 157.445 Thread 0x000001ddabbaeb90 flushing  nmethod 0x000001ddb1d5ce90
Event: 157.445 Thread 0x000001ddabbaeb90 flushing osr nmethod 0x000001ddb1d6d790
Event: 157.445 Thread 0x000001ddabbaeb90 flushing osr nmethod 0x000001ddb1d6e290
Event: 157.445 Thread 0x000001ddabbaeb90 flushing  nmethod 0x000001ddb1d70a90
Event: 157.445 Thread 0x000001ddabbaeb90 flushing  nmethod 0x000001ddb1d86790
Event: 157.445 Thread 0x000001ddabbaeb90 flushing  nmethod 0x000001ddb1d8d190
Event: 157.445 Thread 0x000001ddabbaeb90 flushing  nmethod 0x000001ddb1e44d10
Event: 157.445 Thread 0x000001ddabbaeb90 flushing  nmethod 0x000001ddb1e45a10
Event: 157.445 Thread 0x000001ddabbaeb90 flushing  nmethod 0x000001ddb1e54110
Event: 157.445 Thread 0x000001ddabbaeb90 flushing  nmethod 0x000001ddb1ed1d10
Event: 157.445 Thread 0x000001ddabbaeb90 flushing  nmethod 0x000001ddb1f15a90
Event: 157.445 Thread 0x000001ddabbaeb90 flushing  nmethod 0x000001ddb1f19290

Events (20 events):
Event: 238.618 Thread 0x000001de07966640 Thread exited: 0x000001de07966640
Event: 240.753 Thread 0x000001ddc4847490 Thread added: 0x000001de07966640
Event: 241.968 Thread 0x000001de0fa4ab10 Thread added: 0x000001de0dc86f40
Event: 242.227 Thread 0x000001de07966640 Thread exited: 0x000001de07966640
Event: 242.227 Thread 0x000001de079673e0 Thread exited: 0x000001de079673e0
Event: 242.565 Thread 0x000001de0dc86f40 Thread added: 0x000001de0dc8d840
Event: 242.566 Thread 0x000001de0dc8d840 Thread exited: 0x000001de0dc8d840
Event: 242.741 Thread 0x000001de0fa4ab10 Thread added: 0x000001de0dc8d840
Event: 243.304 Thread 0x000001de0dc8d840 Thread added: 0x000001de0dc87c60
Event: 243.306 Thread 0x000001de0dc87c60 Thread exited: 0x000001de0dc87c60
Event: 243.523 Thread 0x000001de0fa4ab10 Thread added: 0x000001de0dc87c60
Event: 243.562 Thread 0x000001ddc4847490 Thread added: 0x000001de07968f20
Event: 243.600 Thread 0x000001ddc4847490 Thread added: 0x000001de07962fc0
Event: 243.748 Thread 0x000001de07962fc0 Thread exited: 0x000001de07962fc0
Event: 244.018 Thread 0x000001de0dc87c60 Thread added: 0x000001de0dc88980
Event: 244.019 Thread 0x000001de0dc88980 Thread exited: 0x000001de0dc88980
Event: 244.280 Thread 0x000001de07968f20 Thread exited: 0x000001de07968f20
Event: 245.092 Thread 0x000001ddc4847490 Thread added: 0x000001de07963690
Event: 245.127 Thread 0x000001ddc4847490 Thread added: 0x000001de07963d60
Event: 245.678 Thread 0x000001de07cbae10 Thread added: 0x000001de0fd67180


Dynamic libraries:
0x00007ff718010000 - 0x00007ff71801e000 	c:\Users\Hp\.vscode\extensions\redhat.java-1.51.0-win32-x64\jre\21.0.9-win32-x86_64\bin\java.exe
0x00007ff90c010000 - 0x00007ff90c228000 	C:\WINDOWS\SYSTEM32\ntdll.dll
0x00007ff8aa400000 - 0x00007ff8aa420000 	C:\Program Files\Avast Software\Avast\aswhook.dll
0x00007ff90aeb0000 - 0x00007ff90af74000 	C:\WINDOWS\System32\KERNEL32.DLL
0x00007ff9093b0000 - 0x00007ff909783000 	C:\WINDOWS\System32\KERNELBASE.dll
0x00007ff909110000 - 0x00007ff909221000 	C:\WINDOWS\System32\ucrtbase.dll
0x00007ff904d30000 - 0x00007ff904d4e000 	c:\Users\Hp\.vscode\extensions\redhat.java-1.51.0-win32-x64\jre\21.0.9-win32-x86_64\bin\VCRUNTIME140.dll
0x00007ff904d80000 - 0x00007ff904d98000 	c:\Users\Hp\.vscode\extensions\redhat.java-1.51.0-win32-x64\jre\21.0.9-win32-x86_64\bin\jli.dll
0x00007ff90bb00000 - 0x00007ff90bcb2000 	C:\WINDOWS\System32\USER32.dll
0x00007ff8f5320000 - 0x00007ff8f55bc000 	C:\WINDOWS\WinSxS\amd64_microsoft.windows.common-controls_6595b64144ccf1df_6.0.22621.6060_none_2712eda17382d24b\COMCTL32.dll
0x00007ff909350000 - 0x00007ff909376000 	C:\WINDOWS\System32\win32u.dll
0x00007ff90b040000 - 0x00007ff90b0e7000 	C:\WINDOWS\System32\msvcrt.dll
0x00007ff90af80000 - 0x00007ff90afa9000 	C:\WINDOWS\System32\GDI32.dll
0x00007ff909950000 - 0x00007ff909a73000 	C:\WINDOWS\System32\gdi32full.dll
0x00007ff9092b0000 - 0x00007ff90934a000 	C:\WINDOWS\System32\msvcp_win.dll
0x00007ff90ad90000 - 0x00007ff90adc1000 	C:\WINDOWS\System32\IMM32.DLL
0x00007ff904ed0000 - 0x00007ff904edc000 	c:\Users\Hp\.vscode\extensions\redhat.java-1.51.0-win32-x64\jre\21.0.9-win32-x86_64\bin\vcruntime140_1.dll
0x00007ff8eeb20000 - 0x00007ff8eebad000 	c:\Users\Hp\.vscode\extensions\redhat.java-1.51.0-win32-x64\jre\21.0.9-win32-x86_64\bin\msvcp140.dll
0x00007ff8bbda0000 - 0x00007ff8bcb40000 	c:\Users\Hp\.vscode\extensions\redhat.java-1.51.0-win32-x64\jre\21.0.9-win32-x86_64\bin\server\jvm.dll
0x00007ff90be80000 - 0x00007ff90bf31000 	C:\WINDOWS\System32\ADVAPI32.dll
0x00007ff909cb0000 - 0x00007ff909d58000 	C:\WINDOWS\System32\sechost.dll
0x00007ff909380000 - 0x00007ff9093a8000 	C:\WINDOWS\System32\bcrypt.dll
0x00007ff90bd60000 - 0x00007ff90be78000 	C:\WINDOWS\System32\RPCRT4.dll
0x00007ff90bce0000 - 0x00007ff90bd51000 	C:\WINDOWS\System32\WS2_32.dll
0x00007ff908fe0000 - 0x00007ff90902d000 	C:\WINDOWS\SYSTEM32\POWRPROF.dll
0x00007ff901180000 - 0x00007ff90118a000 	C:\WINDOWS\SYSTEM32\VERSION.dll
0x00007ff904120000 - 0x00007ff904154000 	C:\WINDOWS\SYSTEM32\WINMM.dll
0x00007ff908fc0000 - 0x00007ff908fd3000 	C:\WINDOWS\SYSTEM32\UMPDC.dll
0x00007ff9080e0000 - 0x00007ff9080f8000 	C:\WINDOWS\SYSTEM32\kernel.appcore.dll
0x00007ff901bf0000 - 0x00007ff901bfa000 	c:\Users\Hp\.vscode\extensions\redhat.java-1.51.0-win32-x64\jre\21.0.9-win32-x86_64\bin\jimage.dll
0x00007ff906af0000 - 0x00007ff906d23000 	C:\WINDOWS\SYSTEM32\DBGHELP.DLL
0x00007ff90a150000 - 0x00007ff90a4e2000 	C:\WINDOWS\System32\combase.dll
0x00007ff90add0000 - 0x00007ff90aea8000 	C:\WINDOWS\System32\OLEAUT32.dll
0x00007ff8fe320000 - 0x00007ff8fe352000 	C:\WINDOWS\SYSTEM32\dbgcore.DLL
0x00007ff909230000 - 0x00007ff9092ab000 	C:\WINDOWS\System32\bcryptPrimitives.dll
0x00007ff901be0000 - 0x00007ff901bef000 	c:\Users\Hp\.vscode\extensions\redhat.java-1.51.0-win32-x64\jre\21.0.9-win32-x86_64\bin\instrument.dll
0x00007ff8f3f30000 - 0x00007ff8f3f50000 	c:\Users\Hp\.vscode\extensions\redhat.java-1.51.0-win32-x64\jre\21.0.9-win32-x86_64\bin\java.dll
0x00007ff90a4f0000 - 0x00007ff90ad8e000 	C:\WINDOWS\System32\SHELL32.dll
0x00007ff909810000 - 0x00007ff90994f000 	C:\WINDOWS\System32\wintypes.dll
0x00007ff906ff0000 - 0x00007ff907908000 	C:\WINDOWS\SYSTEM32\windows.storage.dll
0x00007ff90a020000 - 0x00007ff90a124000 	C:\WINDOWS\System32\SHCORE.dll
0x00007ff90b280000 - 0x00007ff90b2e9000 	C:\WINDOWS\System32\shlwapi.dll
0x00007ff909040000 - 0x00007ff909065000 	C:\WINDOWS\SYSTEM32\profapi.dll
0x00007ff8f2880000 - 0x00007ff8f2898000 	c:\Users\Hp\.vscode\extensions\redhat.java-1.51.0-win32-x64\jre\21.0.9-win32-x86_64\bin\zip.dll
0x00007ff9006d0000 - 0x00007ff9006e0000 	C:\Users\Hp\.vscode\extensions\redhat.java-1.51.0-win32-x64\jre\21.0.9-win32-x86_64\bin\net.dll
0x00007ff903ed0000 - 0x00007ff903ffc000 	C:\WINDOWS\SYSTEM32\WINHTTP.dll
0x00007ff9085c0000 - 0x00007ff908629000 	C:\WINDOWS\system32\mswsock.dll
0x00007ff8f2860000 - 0x00007ff8f2876000 	C:\Users\Hp\.vscode\extensions\redhat.java-1.51.0-win32-x64\jre\21.0.9-win32-x86_64\bin\nio.dll
0x00007ff8fc610000 - 0x00007ff8fc620000 	c:\Users\Hp\.vscode\extensions\redhat.java-1.51.0-win32-x64\jre\21.0.9-win32-x86_64\bin\verify.dll
0x00007ff8eead0000 - 0x00007ff8eeb14000 	C:\Users\Hp\AppData\Roaming\Code\User\globalStorage\redhat.java\1.51.0\config_win\org.eclipse.equinox.launcher\org.eclipse.equinox.launcher.win32.win32.x86_64_1.2.1400.v20250801-0854\eclipse_11916.dll
0x00007ff909d80000 - 0x00007ff909f20000 	C:\WINDOWS\System32\ole32.dll
0x00007ff908820000 - 0x00007ff90883b000 	C:\WINDOWS\SYSTEM32\CRYPTSP.dll
0x00007ff908040000 - 0x00007ff908077000 	C:\WINDOWS\system32\rsaenh.dll
0x00007ff9086b0000 - 0x00007ff9086d8000 	C:\WINDOWS\SYSTEM32\USERENV.dll
0x00007ff908810000 - 0x00007ff90881c000 	C:\WINDOWS\SYSTEM32\CRYPTBASE.dll
0x00007ff907bb0000 - 0x00007ff907bdd000 	C:\WINDOWS\SYSTEM32\IPHLPAPI.DLL
0x00007ff90bcc0000 - 0x00007ff90bcc9000 	C:\WINDOWS\System32\NSI.dll
0x00007ff8eea30000 - 0x00007ff8eea79000 	C:\Users\Hp\AppData\Local\Temp\jna-2344\jna3987723344989695918.dll
0x00007ff90a130000 - 0x00007ff90a138000 	C:\WINDOWS\System32\PSAPI.DLL
0x00007ff903d60000 - 0x00007ff903d79000 	C:\WINDOWS\SYSTEM32\dhcpcsvc6.DLL
0x00007ff903d40000 - 0x00007ff903d5f000 	C:\WINDOWS\SYSTEM32\dhcpcsvc.DLL
0x00007ff904ee0000 - 0x00007ff904eee000 	C:\Users\Hp\.vscode\extensions\redhat.java-1.51.0-win32-x64\jre\21.0.9-win32-x86_64\bin\sunmscapi.dll
0x00007ff909b40000 - 0x00007ff909ca8000 	C:\WINDOWS\System32\CRYPT32.dll
0x00007ff9089d0000 - 0x00007ff9089fe000 	C:\WINDOWS\SYSTEM32\ncrypt.dll
0x00007ff908990000 - 0x00007ff9089c7000 	C:\WINDOWS\SYSTEM32\NTASN1.dll
0x00007ff86a040000 - 0x00007ff86a048000 	C:\WINDOWS\system32\wshunix.dll
0x00007ff8f2a00000 - 0x00007ff8f2a09000 	C:\Users\Hp\.vscode\extensions\redhat.java-1.51.0-win32-x64\jre\21.0.9-win32-x86_64\bin\extnet.dll
0x00007ff907be0000 - 0x00007ff907cd8000 	C:\WINDOWS\SYSTEM32\DNSAPI.dll
0x00007ff8f0ff0000 - 0x00007ff8f0ffa000 	C:\Windows\System32\rasadhlp.dll
0x00007ff901840000 - 0x00007ff9018c4000 	C:\WINDOWS\System32\fwpuclnt.dll

JVMTI agents:
c:\Users\Hp\.vscode\extensions\redhat.java-1.51.0-win32-x64\lombok\lombok-1.18.39-4050.jar path:c:\Users\Hp\.vscode\extensions\redhat.java-1.51.0-win32-x64\jre\21.0.9-win32-x86_64\bin\instrument.dll, loaded, initialized, instrumentlib options:none

dbghelp: loaded successfully - version: 4.0.5 - missing functions: none
symbol engine: initialized successfully - sym options: 0x614 - pdb path: .;c:\Users\Hp\.vscode\extensions\redhat.java-1.51.0-win32-x64\jre\21.0.9-win32-x86_64\bin;C:\WINDOWS\SYSTEM32;C:\Program Files\Avast Software\Avast;C:\WINDOWS\WinSxS\amd64_microsoft.windows.common-controls_6595b64144ccf1df_6.0.22621.6060_none_2712eda17382d24b;c:\Users\Hp\.vscode\extensions\redhat.java-1.51.0-win32-x64\jre\21.0.9-win32-x86_64\bin\server;C:\Users\Hp\AppData\Roaming\Code\User\globalStorage\redhat.java\1.51.0\config_win\org.eclipse.equinox.launcher\org.eclipse.equinox.launcher.win32.win32.x86_64_1.2.1400.v20250801-0854;C:\Users\Hp\AppData\Local\Temp\jna-2344

VM Arguments:
jvm_args: --add-modules=ALL-SYSTEM --add-opens=java.base/java.util=ALL-UNNAMED --add-opens=java.base/java.lang=ALL-UNNAMED --add-opens=java.base/sun.nio.fs=ALL-UNNAMED -Declipse.application=org.eclipse.jdt.ls.core.id1 -Dosgi.bundles.defaultStartLevel=4 -Declipse.product=org.eclipse.jdt.ls.core.product -Djava.import.generatesMetadataFilesAtProjectRoot=false -DDetectVMInstallationsJob.disabled=true -Dfile.encoding=utf8 -XX:+UseParallelGC -XX:GCTimeRatio=4 -XX:AdaptiveSizePolicyWeight=90 -Dsun.zip.disableMemoryMapping=true -Xmx2G -Xms100m -Xlog:disable -javaagent:c:\Users\Hp\.vscode\extensions\redhat.java-1.51.0-win32-x64\lombok\lombok-1.18.39-4050.jar -XX:+HeapDumpOnOutOfMemoryError -XX:HeapDumpPath=c:\Users\Hp\AppData\Roaming\Code\User\workspaceStorage\a2d51cee68e451e0c7e0d529d54cbe23\redhat.java -Daether.dependencyCollector.impl=bf 
java_command: c:\Users\Hp\.vscode\extensions\redhat.java-1.51.0-win32-x64\server\plugins\org.eclipse.equinox.launcher_1.7.100.v20251111-0406.jar -configuration c:\Users\Hp\AppData\Roaming\Code\User\globalStorage\redhat.java\1.51.0\config_win -data c:\Users\Hp\AppData\Roaming\Code\User\workspaceStorage\a2d51cee68e451e0c7e0d529d54cbe23\redhat.java\jdt_ws --pipe=\\.\pipe\lsp-82c0c1ebedfd4cab5fd30e6b3ce48562-sock
java_class_path (initial): c:\Users\Hp\.vscode\extensions\redhat.java-1.51.0-win32-x64\server\plugins\org.eclipse.equinox.launcher_1.7.100.v20251111-0406.jar
Launcher Type: SUN_STANDARD

[Global flags]
    uintx AdaptiveSizePolicyWeight                 = 90                                        {product} {command line}
     intx CICompilerCount                          = 4                                         {product} {ergonomic}
    uintx GCTimeRatio                              = 4                                         {product} {command line}
     bool HeapDumpOnOutOfMemoryError               = true                                   {manageable} {command line}
    ccstr HeapDumpPath                             = c:\Users\Hp\AppData\Roaming\Code\User\workspaceStorage\a2d51cee68e451e0c7e0d529d54cbe23\redhat.java         {manageable} {command line}
   size_t InitialHeapSize                          = 104857600                                 {product} {command line}
   size_t MaxHeapSize                              = 2147483648                                {product} {command line}
   size_t MaxNewSize                               = 715653120                                 {product} {ergonomic}
   size_t MinHeapDeltaBytes                        = 524288                                    {product} {ergonomic}
   size_t MinHeapSize                              = 104857600                                 {product} {command line}
   size_t NewSize                                  = 34603008                                  {product} {ergonomic}
    uintx NonNMethodCodeHeapSize                   = 5839372                                {pd product} {ergonomic}
    uintx NonProfiledCodeHeapSize                  = 122909434                              {pd product} {ergonomic}
   size_t OldSize                                  = 70254592                                  {product} {ergonomic}
    uintx ProfiledCodeHeapSize                     = 122909434                              {pd product} {ergonomic}
    uintx ReservedCodeCacheSize                    = 251658240                              {pd product} {ergonomic}
     bool SegmentedCodeCache                       = true                                      {product} {ergonomic}
   size_t SoftMaxHeapSize                          = 2147483648                             {manageable} {ergonomic}
     bool UseCompressedOops                        = true                           {product lp64_product} {ergonomic}
     bool UseLargePagesIndividualAllocation        = false                                  {pd product} {ergonomic}
     bool UseParallelGC                            = true                                      {product} {command line}

Logging:
Log output configuration:
 #0: stdout all=off uptime,level,tags foldmultilines=false
 #1: stderr all=off uptime,level,tags foldmultilines=false

Release file:
JAVA_VERSION="21.0.9" 
MODULES="java.base java.compiler java.datatransfer java.xml java.prefs java.desktop java.instrument java.logging java.management java.security.sasl java.naming java.rmi java.management.rmi java.net.http java.scripting java.security.jgss java.transaction.xa java.sql java.sql.rowset java.xml.crypto java.se java.smartcardio jdk.accessibility jdk.internal.jvmstat jdk.attach jdk.charsets jdk.internal.opt jdk.zipfs jdk.compiler jdk.crypto.ec jdk.crypto.cryptoki jdk.crypto.mscapi jdk.dynalink jdk.internal.ed jdk.editpad jdk.hotspot.agent jdk.httpserver jdk.internal.le jdk.internal.vm.ci jdk.internal.vm.compiler jdk.internal.vm.compiler.management jdk.jartool jdk.javadoc jdk.jcmd jdk.management jdk.management.agent jdk.jconsole jdk.jdeps jdk.jdwp.agent jdk.jdi jdk.jfr jdk.jshell jdk.jsobject jdk.jstatd jdk.localedata jdk.management.jfr jdk.naming.dns jdk.naming.rmi jdk.net jdk.nio.mapmode jdk.random jdk.sctp jdk.security.auth jdk.security.jgss jdk.unsupported jdk.unsupported.desktop jdk.xml.dom" 

Environment Variables:
JAVA_HOME=C:\Program Files\Java\jdk-25
PATH=C:\Program Files\Common Files\Oracle\Java\javapath;C:\WINDOWS\system32;C:\WINDOWS;C:\WINDOWS\System32\Wbem;C:\WINDOWS\System32\WindowsPowerShell\v1.0\;C:\WINDOWS\System32\OpenSSH\;C:\Program Files\dotnet\;C:\Program Files\Java\jdk-25\bin;C:\Program Files (x86)\Microsoft SQL Server\170\Tools\Binn\;C:\Program Files\Microsoft SQL Server\170\Tools\Binn\;C:\Program Files\Microsoft SQL Server\Client SDK\ODBC\180\Tools\Binn\;C:\Program Files\Microsoft SQL Server\170\DTS\Binn\;C:\Program Files\Git\cmd;C:\Program Files\nodejs\;C:\ProgramData\chocolatey\bin;C:\Program Files\Apache\maven\apache-maven-3.9.12\bin;C:\Program Files\Common Files\Oracle\Java\javapath;C:\WINDOWS\system32;C:\WINDOWS;C:\WINDOWS\System32\Wbem;C:\WINDOWS\System32\WindowsPowerShell\v1.0\;C:\WINDOWS\System32\OpenSSH\;C:\Program Files\dotnet\;C:\Program Files\Java\jdk-25\bin;C:\Program Files (x86)\Microsoft SQL Server\170\Tools\Binn\;C:\Program Files\Microsoft SQL Server\170\Tools\Binn\;C:\Program Files\Microsoft SQL Server\Client SDK\ODBC\180\Tools\Binn\;C:\Program Files\Microsoft SQL Server\170\DTS\Binn\;C:\Program Files\Git\cmd;C:\Program Files\nodejs\;C:\ProgramData\chocolatey\bin;C:\Users\Hp\AppData\Local\Programs\Python\Launcher\;C:\Users\Hp\AppData\Local\Microsoft\WindowsApps;;C:\Users\Hp\AppData\Local\Programs\Microsoft VS Code\bin;C:\Users\Hp\AppData\Roaming\npm;C:\Users\Hp\AppData\Local\Python\bin;C:\Program Files\PostgreSQL\16\bin
USERNAME=Hp
OS=Windows_NT
PROCESSOR_IDENTIFIER=Intel64 Family 6 Model 142 Stepping 10, GenuineIntel
TMP=C:\Users\Hp\AppData\Local\Temp
TEMP=C:\Users\Hp\AppData\Local\Temp




Periodic native trim disabled

---------------  S Y S T E M  ---------------

OS:
 Windows 11 , 64 bit Build 22621 (10.0.22621.5415)
OS uptime: 0 days 1:03 hours

CPU: total 8 (initial active 8) (4 cores per cpu, 2 threads per core) family 6 model 142 stepping 10 microcode 0xf6, cx8, cmov, fxsr, ht, mmx, 3dnowpref, sse, sse2, sse3, ssse3, sse4.1, sse4.2, popcnt, lzcnt, tsc, tscinvbit, avx, avx2, aes, erms, clmul, bmi1, bmi2, rtm, adx, fma, vzeroupper, clflush, clflushopt, rdtscp, f16c
Processor Information for processor 0
  Max Mhz: 1896, Current Mhz: 1696, Mhz Limit: 1687
Processor Information for processor 1
  Max Mhz: 1896, Current Mhz: 1696, Mhz Limit: 1687
Processor Information for processor 2
  Max Mhz: 1896, Current Mhz: 1696, Mhz Limit: 1687
Processor Information for processor 3
  Max Mhz: 1896, Current Mhz: 1496, Mhz Limit: 1687
Processor Information for processor 4
  Max Mhz: 1896, Current Mhz: 1696, Mhz Limit: 1687
Processor Information for processor 5
  Max Mhz: 1896, Current Mhz: 1696, Mhz Limit: 1687
Processor Information for processor 6
  Max Mhz: 1896, Current Mhz: 1696, Mhz Limit: 1687
Processor Information for processor 7
  Max Mhz: 1896, Current Mhz: 1696, Mhz Limit: 1687

Memory: 4k page, system-wide physical 8035M (608M free)
TotalPageFile size 12151M (AvailPageFile size 8M)
current process WorkingSet (physical memory assigned to process): 1060M, peak: 1060M
current process commit charge ("private bytes"): 1114M, peak: 1119M

vm_info: OpenJDK 64-Bit Server VM (21.0.9+10-LTS) for windows-amd64 JRE (21.0.9+10-LTS), built on 2025-10-21T00:00:00Z by "admin" with unknown MS VC++:1942

END.
