#
# There is insufficient memory for the Java Runtime Environment to continue.
# Native memory allocation (mmap) failed to map 132120576 bytes. Error detail: G1 virtual space
# Possible reasons:
#   The system is out of physical RAM or swap space
#   This process is running with CompressedOops enabled, and the Java Heap may be blocking the growth of the native heap
# Possible solutions:
#   Reduce memory load on the system
#   Increase physical memory or swap space
#   Check if swap backing store is full
#   Decrease Java heap size (-Xmx/-Xms)
#   Decrease number of Java threads
#   Decrease Java thread stack sizes (-Xss)
#   Set larger code cache with -XX:ReservedCodeCacheSize=
#   JVM is running with Unscaled Compressed Oops mode in which the Java heap is
#     placed in the first 4GB address space. The Java Heap base address is the
#     maximum limit for the native heap growth. Please use -XX:HeapBaseMinAddress
#     to set the Java Heap base and to place the Java Heap above 4GB virtual address.
# This output file may be truncated or incomplete.
#
#  Out of Memory Error (os_windows.cpp:3554), pid=11704, tid=26100
#
# JRE version:  (25.0.1+8) (build )
# Java VM: Java HotSpot(TM) 64-Bit Server VM (25.0.1+8-LTS-27, mixed mode, sharing, tiered, compressed oops, compressed class ptrs, g1 gc, windows-amd64)
# No core dump will be written. Minidumps are not enabled by default on client versions of Windows
#

---------------  S U M M A R Y ------------

Command Line: -Dclassworlds.conf=C:\Program Files\Apache\maven\apache-maven-3.9.12\bin\m2.conf -Dmaven.home=C:\Program Files\Apache\maven\apache-maven-3.9.12 -Dlibrary.jansi.path=C:\Program Files\Apache\maven\apache-maven-3.9.12\lib\jansi-native -Dmaven.multiModuleProjectDirectory=C:\Users\Hp\Desktop\springboot\storetrack_backend org.codehaus.plexus.classworlds.launcher.Launcher spring-boot:run

Host: Intel(R) Core(TM) i5-8350U CPU @ 1.70GHz, 8 cores, 7G,  Windows 11 , 64 bit Build 22621 (10.0.22621.5415)
Time: Mon Feb  2 19:34:19 2026 E. Africa Standard Time elapsed time: 0.036740 seconds (0d 0h 0m 0s)

---------------  T H R E A D  ---------------

Current thread (0x00000212c80f6750):  JavaThread "Unknown thread" [_thread_in_vm, id=26100, stack(0x00000065d5000000,0x00000065d5100000) (1024K)]

Stack: [0x00000065d5000000,0x00000065d5100000]
Native frames: (J=compiled Java code, j=interpreted, Vv=VM code, C=native code)
V  [jvm.dll+0x7a6b59]  (no source info available)
V  [jvm.dll+0x77290d]  (no source info available)
V  [jvm.dll+0x966153]  (no source info available)
V  [jvm.dll+0x968751]  (no source info available)
V  [jvm.dll+0x968e53]  (no source info available)
V  [jvm.dll+0x2fc756]  (no source info available)
V  [jvm.dll+0x7a2d85]  (no source info available)
V  [jvm.dll+0x796197]  (no source info available)
V  [jvm.dll+0x3f4698]  (no source info available)
V  [jvm.dll+0x3fc5b6]  (no source info available)
V  [jvm.dll+0x3e8c8e]  (no source info available)
V  [jvm.dll+0x3e8f48]  (no source info available)
V  [jvm.dll+0x3c0045]  (no source info available)
V  [jvm.dll+0x3c0cce]  (no source info available)
V  [jvm.dll+0x92c837]  (no source info available)
V  [jvm.dll+0x458bc2]  (no source info available)
V  [jvm.dll+0x9101e2]  (no source info available)
V  [jvm.dll+0x4f9061]  (no source info available)
V  [jvm.dll+0x4fa8f1]  (no source info available)
C  [jli.dll+0x543e]  (no source info available)
C  [ucrtbase.dll+0x29333]  (no source info available)
C  [KERNEL32.DLL+0x1259d]  (no source info available)
C  [ntdll.dll+0x5af78]  (no source info available)

Lock stack of current Java thread (top to bottom):


---------------  P R O C E S S  ---------------

Threads class SMR info:
_java_thread_list=0x00007ffc91835308, length=0, elements={
}

Java Threads: ( => current thread )
Total: 0

Other Threads:
  0x00000212ca4c0980 WorkerThread "GC Thread#0"                     [id=31364, stack(0x00000065d5100000,0x00000065d5200000) (1024K)]
  0x00000212ca4d9b40 ConcurrentGCThread "G1 Main Marker"            [id=23780, stack(0x00000065d5200000,0x00000065d5300000) (1024K)]
  0x00000212ca4da930 WorkerThread "G1 Conc#0"                       [id=7612, stack(0x00000065d5300000,0x00000065d5400000) (1024K)]

[error occurred during error reporting (printing all threads), id 0xc0000005, EXCEPTION_ACCESS_VIOLATION (0xc0000005) at pc=0x00007ffc90f14c2a]
VM state: not at safepoint (not fully initialized)

VM Mutex/Monitor currently owned by a thread:  ([mutex/lock_event])
[0x00007ffc918b9668] Heap_lock - owner thread: 0x00000212c80f6750

Heap address: 0x0000000082600000, size: 2010 MB, Compressed Oops mode: 32-bit

CDS archive(s) mapped at: [0x0000000000000000-0x0000000000000000-0x0000000000000000), size 0, SharedBaseAddress: 0x0000000800000000, ArchiveRelocationMode: 1.
UseCompressedClassPointers 1, UseCompactObjectHeaders 0
Narrow klass pointer bits 32, Max shift 3
Narrow klass base: 0xffffffffffffffff, Narrow klass shift: -1
Encoding Range: [0xffffffffffffffff - 0x000000007fffffff), (2147483648 bytes)
Klass Range:    [0x0000000000000000 - 0x0000000000000000), (0 bytes)
Klass ID Range:  [4294967295 - 0) (1)
No protection zone.

GC Precious Log:
 CardTable entry size: 512
 Card Set container configuration: InlinePtr #cards 5 size 8 Array Of Cards #cards 10 size 36 Howl #buckets 4 coarsen threshold 1843 Howl Bitmap #cards 512 size 80 coarsen threshold 460 Card regions per heap region 1 cards per card region 2048

Heap:
 garbage-first heap   total reserved 2058240K, committed 0K, used 0K [0x0000000082600000, 0x0000000100000000)
  region size 1024K, 0 young (0K), 0 survivors (0K)

Heap Regions: E=young(eden), S=young(survivor), O=old, HS=humongous(starts), HC=humongous(continues), CS=collection set, F=free, TAMS=top-at-mark-start, PB=parsable bottom

Card table byte_map: [0x00000212e2400000,0x00000212e27f0000] _byte_map_base: 0x00000212e1fed000

Marking Bits: (CMBitMap*) 0x00000212ca4c1110
 Bits: [0x00000212e27f0000, 0x00000212e4758000)

GC Heap Usage History (0 events):
No events

Metaspace Usage History (0 events):
No events

Dll operation events (1 events):
Event: 0.022 Loaded shared library C:\Program Files\Java\jdk-25\bin\java.dll

Deoptimization events (0 events):
No events

Classes loaded (0 events):
No events

Classes unloaded (0 events):
No events

Classes redefined (0 events):
No events

Internal exceptions (0 events):
No events

VM Operations (0 events):
No events

Memory protections (0 events):
No events

Nmethod flushes (0 events):
No events

Events (0 events):
No events


Dynamic libraries:
0x00007ff733d70000 - 0x00007ff733d80000 	C:\Program Files\Java\jdk-25\bin\java.exe
0x00007ffd41b90000 - 0x00007ffd41da8000 	C:\WINDOWS\SYSTEM32\ntdll.dll
0x00007ffd20810000 - 0x00007ffd20830000 	C:\Program Files\Avast Software\Avast\aswhook.dll
0x00007ffd40d10000 - 0x00007ffd40dd4000 	C:\WINDOWS\System32\KERNEL32.DLL
0x00007ffd3edd0000 - 0x00007ffd3f1a3000 	C:\WINDOWS\System32\KERNELBASE.dll
0x00007ffd3f2f0000 - 0x00007ffd3f401000 	C:\WINDOWS\System32\ucrtbase.dll
0x00007ffd25880000 - 0x00007ffd2589e000 	C:\Program Files\Java\jdk-25\bin\VCRUNTIME140.dll
0x00007ffd258a0000 - 0x00007ffd258b7000 	C:\Program Files\Java\jdk-25\bin\jli.dll
0x00007ffd415b0000 - 0x00007ffd41762000 	C:\WINDOWS\System32\USER32.dll
0x00007ffd2b020000 - 0x00007ffd2b2bc000 	C:\WINDOWS\WinSxS\amd64_microsoft.windows.common-controls_6595b64144ccf1df_6.0.22621.6060_none_2712eda17382d24b\COMCTL32.dll
0x00007ffd3f800000 - 0x00007ffd3f826000 	C:\WINDOWS\System32\win32u.dll
0x00007ffd40c30000 - 0x00007ffd40cd7000 	C:\WINDOWS\System32\msvcrt.dll
0x00007ffd404b0000 - 0x00007ffd404d9000 	C:\WINDOWS\System32\GDI32.dll
0x00007ffd3f4c0000 - 0x00007ffd3f5e3000 	C:\WINDOWS\System32\gdi32full.dll
0x00007ffd3f760000 - 0x00007ffd3f7fa000 	C:\WINDOWS\System32\msvcp_win.dll
0x00007ffd40610000 - 0x00007ffd40641000 	C:\WINDOWS\System32\IMM32.DLL
0x00007ffd352e0000 - 0x00007ffd352ec000 	C:\Program Files\Java\jdk-25\bin\vcruntime140_1.dll
0x00007ffd23740000 - 0x00007ffd237cd000 	C:\Program Files\Java\jdk-25\bin\msvcp140.dll
0x00007ffc90b40000 - 0x00007ffc9199f000 	C:\Program Files\Java\jdk-25\bin\server\jvm.dll
0x00007ffd414f0000 - 0x00007ffd415a1000 	C:\WINDOWS\System32\ADVAPI32.dll
0x00007ffd404e0000 - 0x00007ffd40588000 	C:\WINDOWS\System32\sechost.dll
0x00007ffd3f490000 - 0x00007ffd3f4b8000 	C:\WINDOWS\System32\bcrypt.dll
0x00007ffd41a30000 - 0x00007ffd41b48000 	C:\WINDOWS\System32\RPCRT4.dll
0x00007ffd406b0000 - 0x00007ffd40721000 	C:\WINDOWS\System32\WS2_32.dll
0x00007ffd3eb60000 - 0x00007ffd3ebad000 	C:\WINDOWS\SYSTEM32\POWRPROF.dll
0x00007ffd39cf0000 - 0x00007ffd39d24000 	C:\WINDOWS\SYSTEM32\WINMM.dll
0x00007ffd35320000 - 0x00007ffd3532a000 	C:\WINDOWS\SYSTEM32\VERSION.dll
0x00007ffd3eb40000 - 0x00007ffd3eb53000 	C:\WINDOWS\SYSTEM32\UMPDC.dll
0x00007ffd3dc60000 - 0x00007ffd3dc78000 	C:\WINDOWS\SYSTEM32\kernel.appcore.dll
0x00007ffd31c10000 - 0x00007ffd31c1a000 	C:\Program Files\Java\jdk-25\bin\jimage.dll
0x00007ffd3c680000 - 0x00007ffd3c8b3000 	C:\WINDOWS\SYSTEM32\DBGHELP.DLL
0x00007ffd40730000 - 0x00007ffd40ac2000 	C:\WINDOWS\System32\combase.dll
0x00007ffd40f90000 - 0x00007ffd41068000 	C:\WINDOWS\System32\OLEAUT32.dll
0x00007ffd34330000 - 0x00007ffd34362000 	C:\WINDOWS\SYSTEM32\dbgcore.DLL
0x00007ffd3ed50000 - 0x00007ffd3edcb000 	C:\WINDOWS\System32\bcryptPrimitives.dll
0x00007ffd23720000 - 0x00007ffd2373f000 	C:\Program Files\Java\jdk-25\bin\java.dll
0x00007ffd40de0000 - 0x00007ffd40f80000 	C:\WINDOWS\System32\ole32.dll
0x00007ffd3fc10000 - 0x00007ffd404ae000 	C:\WINDOWS\System32\SHELL32.dll
0x00007ffd3f1b0000 - 0x00007ffd3f2ef000 	C:\WINDOWS\System32\wintypes.dll

JVMTI agents: none

dbghelp: loaded successfully - version: 4.0.5 - missing functions: none
symbol engine: initialized successfully - sym options: 0x614 - pdb path: .;C:\Program Files\Java\jdk-25\bin;C:\WINDOWS\SYSTEM32;C:\Program Files\Avast Software\Avast;C:\WINDOWS\WinSxS\amd64_microsoft.windows.common-controls_6595b64144ccf1df_6.0.22621.6060_none_2712eda17382d24b;C:\Program Files\Java\jdk-25\bin\server

VM Arguments:
jvm_args: -Dclassworlds.conf=C:\Program Files\Apache\maven\apache-maven-3.9.12\bin\m2.conf -Dmaven.home=C:\Program Files\Apache\maven\apache-maven-3.9.12 -Dlibrary.jansi.path=C:\Program Files\Apache\maven\apache-maven-3.9.12\lib\jansi-native -Dmaven.multiModuleProjectDirectory=C:\Users\Hp\Desktop\springboot\storetrack_backend 
java_command: org.codehaus.plexus.classworlds.launcher.Launcher spring-boot:run
java_class_path (initial): C:\Program Files\Apache\maven\apache-maven-3.9.12\boot\plexus-classworlds-2.9.0.jar
Launcher Type: SUN_STANDARD

[Global flags]
     intx CICompilerCount                          = 4                                         {product} {ergonomic}
     uint ConcGCThreads                            = 2                                         {product} {ergonomic}
     uint G1ConcRefinementThreads                  = 8                                         {product} {ergonomic}
   size_t G1HeapRegionSize                         = 1048576                                   {product} {ergonomic}
   size_t InitialHeapSize                          = 132120576                                 {product} {ergonomic}
   size_t MarkStackSize                            = 4194304                                   {product} {ergonomic}
   size_t MarkStackSizeMax                         = 536870912                                 {product} {ergonomic}
   size_t MaxHeapSize                              = 2107637760                                {product} {ergonomic}
   size_t MinHeapDeltaBytes                        = 1048576                                   {product} {ergonomic}
   size_t MinHeapSize                              = 8388608                                   {product} {ergonomic}
    uintx NonNMethodCodeHeapSize                   = 5832704                                {pd product} {ergonomic}
    uintx NonProfiledCodeHeapSize                  = 122945536                              {pd product} {ergonomic}
    uintx ProfiledCodeHeapSize                     = 122880000                              {pd product} {ergonomic}
    uintx ReservedCodeCacheSize                    = 251658240                              {pd product} {ergonomic}
     bool SegmentedCodeCache                       = true                                      {product} {ergonomic}
   size_t SoftMaxHeapSize                          = 2107637760                             {manageable} {ergonomic}
     bool UseCompressedOops                        = true                           {product lp64_product} {ergonomic}
     bool UseG1GC                                  = true                                      {product} {ergonomic}
     bool UseLargePagesIndividualAllocation        = false                                  {pd product} {ergonomic}

Logging:
Log output configuration:
 #0: stdout all=warning uptime,level,tags foldmultilines=false
 #1: stderr all=off uptime,level,tags foldmultilines=false

Release file:
<release file has not been read>
Environment Variables:
JAVA_HOME=C:\Program Files\Java\jdk-25
PATH=C:\Program Files\Common Files\Oracle\Java\javapath;C:\WINDOWS\system32;C:\WINDOWS;C:\WINDOWS\System32\Wbem;C:\WINDOWS\System32\WindowsPowerShell\v1.0\;C:\WINDOWS\System32\OpenSSH\;C:\Program Files\dotnet\;C:\Program Files\Java\jdk-25\bin;C:\Program Files (x86)\Microsoft SQL Server\170\Tools\Binn\;C:\Program Files\Microsoft SQL Server\170\Tools\Binn\;C:\Program Files\Microsoft SQL Server\Client SDK\ODBC\180\Tools\Binn\;C:\Program Files\Microsoft SQL Server\170\DTS\Binn\;C:\Program Files\Git\cmd;C:\Program Files\nodejs\;C:\ProgramData\chocolatey\bin;C:\Program Files\Apache\maven\apache-maven-3.9.12\bin;C:\Program Files\Common Files\Oracle\Java\javapath;C:\WINDOWS\system32;C:\WINDOWS;C:\WINDOWS\System32\Wbem;C:\WINDOWS\System32\WindowsPowerShell\v1.0\;C:\WINDOWS\System32\OpenSSH\;C:\Program Files\dotnet\;C:\Program Files\Java\jdk-25\bin;C:\Program Files (x86)\Microsoft SQL Server\170\Tools\Binn\;C:\Program Files\Microsoft SQL Server\170\Tools\Binn\;C:\Program Files\Microsoft SQL Server\Client SDK\ODBC\180\Tools\Binn\;C:\Program Files\Microsoft SQL Server\170\DTS\Binn\;C:\Program Files\Git\cmd;C:\Program Files\nodejs\;C:\ProgramData\chocolatey\bin;C:\Users\Hp\AppData\Local\Programs\Python\Launcher\;C:\Users\Hp\AppData\Local\Microsoft\WindowsApps;;C:\Users\Hp\AppData\Local\Programs\Microsoft VS Code\bin;C:\Users\Hp\AppData\Roaming\npm;C:\Users\Hp\AppData\Local\Python\bin;C:\Program Files\PostgreSQL\16\bin;c:\Users\Hp\.vscode\extensions\vscjava.vscode-java-debug-0.58.5\bundled\scripts\noConfigScripts
USERNAME=Hp
LANG=en_US.UTF-8
OS=Windows_NT
PROCESSOR_IDENTIFIER=Intel64 Family 6 Model 142 Stepping 10, GenuineIntel
TMP=C:\Users\Hp\AppData\Local\Temp
TEMP=C:\Users\Hp\AppData\Local\Temp




Compilation memory statistics disabled.

Periodic native trim disabled

---------------  S Y S T E M  ---------------

OS:
 Windows 11 , 64 bit Build 22621 (10.0.22621.5415)
OS uptime: 3 days 5:19 hours

CPU: total 8 (initial active 8) (4 cores per cpu, 2 threads per core) family 6 model 142 stepping 10 microcode 0xf6, cx8, cmov, fxsr, ht, mmx, 3dnowpref, sse, sse2, sse3, ssse3, sse4.1, sse4.2, popcnt, lzcnt, tsc, tscinvbit, avx, avx2, aes, erms, clmul, bmi1, bmi2, rtm, adx, fma, vzeroupper, clflush, clflushopt, rdtscp, f16c
Processor Information for processor 0
  Max Mhz: 1896, Current Mhz: 1696, Mhz Limit: 1687
Processor Information for processor 1
  Max Mhz: 1896, Current Mhz: 1496, Mhz Limit: 1687
Processor Information for processor 2
  Max Mhz: 1896, Current Mhz: 1496, Mhz Limit: 1687
Processor Information for processor 3
  Max Mhz: 1896, Current Mhz: 1496, Mhz Limit: 1687
Processor Information for processor 4
  Max Mhz: 1896, Current Mhz: 1496, Mhz Limit: 1687
Processor Information for processor 5
  Max Mhz: 1896, Current Mhz: 1496, Mhz Limit: 1687
Processor Information for processor 6
  Max Mhz: 1896, Current Mhz: 1496, Mhz Limit: 1687
Processor Information for processor 7
  Max Mhz: 1896, Current Mhz: 1696, Mhz Limit: 1687

Memory: 4k page, system-wide physical 8035M (466M free)
TotalPageFile size 15417M (AvailPageFile size 70M)
current process WorkingSet (physical memory assigned to process): 12M, peak: 12M
current process commit charge ("private bytes"): 61M, peak: 186M

vm_info: Java HotSpot(TM) 64-Bit Server VM (25.0.1+8-LTS-27) for windows-amd64 JRE (25.0.1+8-LTS-27), built on 2025-09-25T16:41:16Z with unknown MS VC++:1943

END.
